<?xml version="1.0" encoding="UTF-8"?>
<robot generator="Robot 7.1.1 (Python 3.12.0 on win32)" generated="2024-11-18T15:47:33.424820" rpa="false" schemaversion="5">
<suite id="s1" name="Tests" source="D:\CURSOS\QAx\projects\smartbit-robot\tests">
<suite id="s1-s1" name="Login" source="D:\CURSOS\QAx\projects\smartbit-robot\tests\login.robot">
<test id="s1-s1-t1" name="Must log in as gym manager" line="10">
<kw name="Start Session" owner="Base" type="SETUP">
<kw name="New Browser" owner="Browser">
<msg time="2024-11-18T15:47:33.844082" level="INFO">{"browser": "chromium", "headless": false, "chromiumSandbox": false, "devtools": false, "handleSIGHUP": true, "handleSIGINT": true, "handleSIGTERM": true, "slowMo": 0.0, "timeout": 30000.0, "tracesDir": "D:\\CURSOS\\QAx\\projects\\smartbit-robot\\.results\\browser\\traces\\af639cd4-77ec-4203-95c8-d6b6469a68f0"}</msg>
<msg time="2024-11-18T15:47:33.859657" level="INFO">Starting Browser process C:\Python312\Lib\site-packages\Browser\wrapper\index.js using port 63885</msg>
<msg time="2024-11-18T15:47:33.859657" level="INFO">Node startup parameters: ['node', 'C:\\Python312\\Lib\\site-packages\\Browser\\wrapper\\index.js', '63885']</msg>
<msg time="2024-11-18T15:47:34.542126" level="INFO">Successfully created browser with options: {"browser":"chromium","headless":false,"chromiumSandbox":false,"devtools":false,"handleSIGHUP":true,"handleSIGINT":true,"handleSIGTERM":true,"slowMo":0,"timeout":30000,"tracesDir":"D:\\CURSOS\\QAx\\projects\\smartbit-robot\\.results\\browser\\traces\\af639cd4-77ec-4203-95c8-d6b6469a68f0"}</msg>
<arg>browser=${BROWSER}</arg>
<arg>headless=${HEADLESS}</arg>
<tag>BrowserControl</tag>
<tag>Setter</tag>
<doc>Create a new playwright Browser with specified options.</doc>
<status status="PASS" start="2024-11-18T15:47:33.843066" elapsed="0.699060"/>
</kw>
<kw name="New Page" owner="Browser">
<msg time="2024-11-18T15:47:35.156897" level="INFO">Successfully initialized new page object and opened url: http://localhost:3000</msg>
<msg time="2024-11-18T15:47:35.157563" level="INFO">No context was open. New context was automatically opened when this page is created.</msg>
<arg>${URL}</arg>
<tag>BrowserControl</tag>
<tag>Setter</tag>
<doc>Open a new Page.</doc>
<status status="PASS" start="2024-11-18T15:47:34.543129" elapsed="0.614434"/>
</kw>
<status status="PASS" start="2024-11-18T15:47:33.843066" elapsed="1.314497"/>
</kw>
<kw name="Go to Login Page" owner="Login">
<kw name="Go To" owner="Browser">
<msg time="2024-11-18T15:47:35.212437" level="INFO">Successfully opened URL http://localhost:3000/login</msg>
<arg>${URL}/login</arg>
<tag>BrowserControl</tag>
<tag>Setter</tag>
<doc>Navigates to the given ``url``.</doc>
<status status="PASS" start="2024-11-18T15:47:35.158063" elapsed="0.054374"/>
</kw>
<status status="PASS" start="2024-11-18T15:47:35.158063" elapsed="0.054374"/>
</kw>
<kw name="Submit Login Form" owner="Login">
<kw name="Fill Text" owner="Browser">
<msg time="2024-11-18T15:47:35.213442" level="INFO">Fills the text 'sac@smartbit.com' in the given field.</msg>
<arg>css=input[name=email]</arg>
<arg>${email}</arg>
<tag>PageContent</tag>
<tag>Setter</tag>
<doc>Clears and fills the given ``txt`` into the text field found by ``selector``.</doc>
<status status="PASS" start="2024-11-18T15:47:35.213442" elapsed="0.032242"/>
</kw>
<kw name="Fill Text" owner="Browser">
<msg time="2024-11-18T15:47:35.246698" level="INFO">Fills the text 'pwd123' in the given field.</msg>
<arg>css=input[name=password]</arg>
<arg>${password}</arg>
<tag>PageContent</tag>
<tag>Setter</tag>
<doc>Clears and fills the given ``txt`` into the text field found by ``selector``.</doc>
<status status="PASS" start="2024-11-18T15:47:35.246198" elapsed="0.010293"/>
</kw>
<kw name="Click" owner="Browser">
<msg time="2024-11-18T15:47:35.256991" level="INFO">Clicks the element 'css=button &gt;&gt; text=Entrar'.</msg>
<arg>css=button &gt;&gt; text=Entrar</arg>
<tag>PageContent</tag>
<tag>Setter</tag>
<doc>Simulates mouse click on the element found by ``selector``.</doc>
<status status="PASS" start="2024-11-18T15:47:35.256491" elapsed="0.030185"/>
</kw>
<arg>sac@smartbit.com</arg>
<arg>pwd123</arg>
<status status="PASS" start="2024-11-18T15:47:35.213442" elapsed="0.073734"/>
</kw>
<kw name="User is logged in" owner="Accounts">
<kw name="Set Variable" owner="BuiltIn">
<msg time="2024-11-18T15:47:35.287677" level="INFO">${element} = css=.logged-user</msg>
<var>${element}</var>
<arg>css=.logged-user</arg>
<doc>Returns the given values which can then be assigned to a variables.</doc>
<status status="PASS" start="2024-11-18T15:47:35.287677" elapsed="0.000000"/>
</kw>
<kw name="Wait For Elements State" owner="Browser">
<msg time="2024-11-18T15:47:36.621777" level="INFO">Waited for Element with selector css=.logged-user at state visible</msg>
<arg>${element}</arg>
<arg>visible</arg>
<arg>5</arg>
<tag>PageContent</tag>
<tag>Wait</tag>
<doc>Waits for the element found by ``selector`` to satisfy state option.</doc>
<status status="PASS" start="2024-11-18T15:47:35.287677" elapsed="1.334100"/>
</kw>
<kw name="Get Text" owner="Browser">
<msg time="2024-11-18T15:47:36.639681" level="INFO">Text: 'sac@smartbit.com'</msg>
<arg>${element}</arg>
<arg>equal</arg>
<arg>${email}</arg>
<tag>Assertion</tag>
<tag>Getter</tag>
<tag>PageContent</tag>
<doc>Returns text attribute of the element found by ``selector``.</doc>
<status status="PASS" start="2024-11-18T15:47:36.622277" elapsed="0.017905"/>
</kw>
<arg>sac@smartbit.com</arg>
<status status="PASS" start="2024-11-18T15:47:35.287176" elapsed="1.353006"/>
</kw>
<kw name="Finish Session" owner="Base" type="TEARDOWN">
<kw name="Take Screenshot" owner="Browser">
<msg time="2024-11-18T15:47:36.698721" level="INFO" html="true">&lt;/td&gt;&lt;/tr&gt;&lt;tr&gt;&lt;td colspan="3"&gt;&lt;a href="browser/screenshot/robotframework-browser-screenshot-1.png" target="_blank"&gt;&lt;img src="browser/screenshot/robotframework-browser-screenshot-1.png" width="800px"/&gt;&lt;/a&gt;</msg>
<arg>fullPage=True</arg>
<tag>PageContent</tag>
<doc>Takes a screenshot of the current window or element and saves it to disk.</doc>
<status status="PASS" start="2024-11-18T15:47:36.640682" elapsed="0.058539"/>
</kw>
<status status="PASS" start="2024-11-18T15:47:36.640682" elapsed="0.058539"/>
</kw>
<status status="PASS" start="2024-11-18T15:47:33.842063" elapsed="2.857158"/>
</test>
<test id="s1-s1-t2" name="Shouldn't log in with an incorrect password" line="15">
<kw name="Start Session" owner="Base" type="SETUP">
<kw name="New Browser" owner="Browser">
<msg time="2024-11-18T15:47:36.749743" level="INFO">Switching browser to browser=612df3eb-fefc-46f8-be6c-d663a767f01d</msg>
<msg time="2024-11-18T15:47:36.751243" level="INFO">Successfully changed active browser: browser=612df3eb-fefc-46f8-be6c-d663a767f01d</msg>
<msg time="2024-11-18T15:47:36.751243" level="INFO">Reusing existing browser with id: browser=612df3eb-fefc-46f8-be6c-d663a767f01d</msg>
<arg>browser=${BROWSER}</arg>
<arg>headless=${HEADLESS}</arg>
<tag>BrowserControl</tag>
<tag>Setter</tag>
<doc>Create a new playwright Browser with specified options.</doc>
<status status="PASS" start="2024-11-18T15:47:36.749243" elapsed="0.002000"/>
</kw>
<kw name="New Page" owner="Browser">
<msg time="2024-11-18T15:47:37.566490" level="INFO">Successfully initialized new page object and opened url: http://localhost:3000</msg>
<msg time="2024-11-18T15:47:37.566490" level="INFO">No context was open. New context was automatically opened when this page is created.</msg>
<arg>${URL}</arg>
<tag>BrowserControl</tag>
<tag>Setter</tag>
<doc>Open a new Page.</doc>
<status status="PASS" start="2024-11-18T15:47:36.751743" elapsed="0.814747"/>
</kw>
<status status="PASS" start="2024-11-18T15:47:36.749243" elapsed="0.817247"/>
</kw>
<kw name="Go to Login Page" owner="Login">
<kw name="Go To" owner="Browser">
<msg time="2024-11-18T15:47:37.618935" level="INFO">Successfully opened URL http://localhost:3000/login</msg>
<arg>${URL}/login</arg>
<tag>BrowserControl</tag>
<tag>Setter</tag>
<doc>Navigates to the given ``url``.</doc>
<status status="PASS" start="2024-11-18T15:47:37.567376" elapsed="0.051559"/>
</kw>
<status status="PASS" start="2024-11-18T15:47:37.567376" elapsed="0.051559"/>
</kw>
<kw name="Submit Login Form" owner="Login">
<kw name="Fill Text" owner="Browser">
<msg time="2024-11-18T15:47:37.619936" level="INFO">Fills the text 'sac@smartbit.com' in the given field.</msg>
<arg>css=input[name=email]</arg>
<arg>${email}</arg>
<tag>PageContent</tag>
<tag>Setter</tag>
<doc>Clears and fills the given ``txt`` into the text field found by ``selector``.</doc>
<status status="PASS" start="2024-11-18T15:47:37.619936" elapsed="0.024363"/>
</kw>
<kw name="Fill Text" owner="Browser">
<msg time="2024-11-18T15:47:37.644811" level="INFO">Fills the text 'invalidpassword' in the given field.</msg>
<arg>css=input[name=password]</arg>
<arg>${password}</arg>
<tag>PageContent</tag>
<tag>Setter</tag>
<doc>Clears and fills the given ``txt`` into the text field found by ``selector``.</doc>
<status status="PASS" start="2024-11-18T15:47:37.644299" elapsed="0.010212"/>
</kw>
<kw name="Click" owner="Browser">
<msg time="2024-11-18T15:47:37.655514" level="INFO">Clicks the element 'css=button &gt;&gt; text=Entrar'.</msg>
<arg>css=button &gt;&gt; text=Entrar</arg>
<tag>PageContent</tag>
<tag>Setter</tag>
<doc>Simulates mouse click on the element found by ``selector``.</doc>
<status status="PASS" start="2024-11-18T15:47:37.654511" elapsed="0.020236"/>
</kw>
<arg>sac@smartbit.com</arg>
<arg>invalidpassword</arg>
<status status="PASS" start="2024-11-18T15:47:37.619436" elapsed="0.055311"/>
</kw>
<kw name="Toast should be" owner="Toast">
<kw name="Set Variable" owner="BuiltIn">
<msg time="2024-11-18T15:47:37.674747" level="INFO">${selector} = .Toastify__toast-body</msg>
<var>${selector}</var>
<arg>.Toastify__toast-body</arg>
<doc>Returns the given values which can then be assigned to a variables.</doc>
<status status="PASS" start="2024-11-18T15:47:37.674747" elapsed="0.000000"/>
</kw>
<kw name="Wait For Elements State" owner="Browser">
<msg time="2024-11-18T15:47:39.018970" level="INFO">Waited for Element with selector css=.Toastify__toast-body at state visible</msg>
<arg>css=${selector}</arg>
<arg>visible</arg>
<arg>5</arg>
<tag>PageContent</tag>
<tag>Wait</tag>
<doc>Waits for the element found by ``selector`` to satisfy state option.</doc>
<status status="PASS" start="2024-11-18T15:47:37.675750" elapsed="1.343220"/>
</kw>
<kw name="Get Text" owner="Browser">
<msg time="2024-11-18T15:47:39.034565" level="INFO">Text: 'As credenciais de acesso fornecidas são inválidas. Tente novamente!'</msg>
<arg>css=${selector}</arg>
<arg>equal</arg>
<arg>${expected_text}</arg>
<tag>Assertion</tag>
<tag>Getter</tag>
<tag>PageContent</tag>
<doc>Returns text attribute of the element found by ``selector``.</doc>
<status status="PASS" start="2024-11-18T15:47:39.018970" elapsed="0.015595"/>
</kw>
<kw name="Take Screenshot" owner="Browser">
<msg time="2024-11-18T15:47:39.854866" level="INFO" html="true">&lt;/td&gt;&lt;/tr&gt;&lt;tr&gt;&lt;td colspan="3"&gt;&lt;a href="browser/screenshot/robotframework-browser-screenshot-2.png" target="_blank"&gt;&lt;img src="browser/screenshot/robotframework-browser-screenshot-2.png" width="800px"/&gt;&lt;/a&gt;</msg>
<arg>selector=${selector}</arg>
<tag>PageContent</tag>
<doc>Takes a screenshot of the current window or element and saves it to disk.</doc>
<status status="PASS" start="2024-11-18T15:47:39.035568" elapsed="0.819298"/>
</kw>
<arg>As credenciais de acesso fornecidas são inválidas. Tente novamente!</arg>
<status status="PASS" start="2024-11-18T15:47:37.674747" elapsed="2.180119"/>
</kw>
<kw name="Finish Session" owner="Base" type="TEARDOWN">
<kw name="Take Screenshot" owner="Browser">
<msg time="2024-11-18T15:47:39.916673" level="INFO" html="true">&lt;/td&gt;&lt;/tr&gt;&lt;tr&gt;&lt;td colspan="3"&gt;&lt;a href="browser/screenshot/robotframework-browser-screenshot-3.png" target="_blank"&gt;&lt;img src="browser/screenshot/robotframework-browser-screenshot-3.png" width="800px"/&gt;&lt;/a&gt;</msg>
<arg>fullPage=True</arg>
<tag>PageContent</tag>
<doc>Takes a screenshot of the current window or element and saves it to disk.</doc>
<status status="PASS" start="2024-11-18T15:47:39.855869" elapsed="0.060804"/>
</kw>
<status status="PASS" start="2024-11-18T15:47:39.855869" elapsed="0.060804"/>
</kw>
<tag>inv_pass</tag>
<status status="PASS" start="2024-11-18T15:47:36.746134" elapsed="3.170539"/>
</test>
<test id="s1-s1-t3" name="Shouldn't log in with an unregistered email address" line="21">
<kw name="Start Session" owner="Base" type="SETUP">
<kw name="New Browser" owner="Browser">
<msg time="2024-11-18T15:47:39.963197" level="INFO">Switching browser to browser=612df3eb-fefc-46f8-be6c-d663a767f01d</msg>
<msg time="2024-11-18T15:47:39.964740" level="INFO">Successfully changed active browser: browser=612df3eb-fefc-46f8-be6c-d663a767f01d</msg>
<msg time="2024-11-18T15:47:39.964740" level="INFO">Reusing existing browser with id: browser=612df3eb-fefc-46f8-be6c-d663a767f01d</msg>
<arg>browser=${BROWSER}</arg>
<arg>headless=${HEADLESS}</arg>
<tag>BrowserControl</tag>
<tag>Setter</tag>
<doc>Create a new playwright Browser with specified options.</doc>
<status status="PASS" start="2024-11-18T15:47:39.962194" elapsed="0.002546"/>
</kw>
<kw name="New Page" owner="Browser">
<msg time="2024-11-18T15:47:40.424793" level="INFO">Successfully initialized new page object and opened url: http://localhost:3000</msg>
<msg time="2024-11-18T15:47:40.424793" level="INFO">No context was open. New context was automatically opened when this page is created.</msg>
<arg>${URL}</arg>
<tag>BrowserControl</tag>
<tag>Setter</tag>
<doc>Open a new Page.</doc>
<status status="PASS" start="2024-11-18T15:47:39.964740" elapsed="0.460053"/>
</kw>
<status status="PASS" start="2024-11-18T15:47:39.962194" elapsed="0.462599"/>
</kw>
<kw name="Go to Login Page" owner="Login">
<kw name="Go To" owner="Browser">
<msg time="2024-11-18T15:47:40.477701" level="INFO">Successfully opened URL http://localhost:3000/login</msg>
<arg>${URL}/login</arg>
<tag>BrowserControl</tag>
<tag>Setter</tag>
<doc>Navigates to the given ``url``.</doc>
<status status="PASS" start="2024-11-18T15:47:40.426359" elapsed="0.051342"/>
</kw>
<status status="PASS" start="2024-11-18T15:47:40.425856" elapsed="0.052345"/>
</kw>
<kw name="Submit Login Form" owner="Login">
<kw name="Fill Text" owner="Browser">
<msg time="2024-11-18T15:47:40.479202" level="INFO">Fills the text 'invaliduser@smartbit.com' in the given field.</msg>
<arg>css=input[name=email]</arg>
<arg>${email}</arg>
<tag>PageContent</tag>
<tag>Setter</tag>
<doc>Clears and fills the given ``txt`` into the text field found by ``selector``.</doc>
<status status="PASS" start="2024-11-18T15:47:40.479202" elapsed="0.022753"/>
</kw>
<kw name="Fill Text" owner="Browser">
<msg time="2024-11-18T15:47:40.502455" level="INFO">Fills the text 'pwd123' in the given field.</msg>
<arg>css=input[name=password]</arg>
<arg>${password}</arg>
<tag>PageContent</tag>
<tag>Setter</tag>
<doc>Clears and fills the given ``txt`` into the text field found by ``selector``.</doc>
<status status="PASS" start="2024-11-18T15:47:40.501955" elapsed="0.009092"/>
</kw>
<kw name="Click" owner="Browser">
<msg time="2024-11-18T15:47:40.511546" level="INFO">Clicks the element 'css=button &gt;&gt; text=Entrar'.</msg>
<arg>css=button &gt;&gt; text=Entrar</arg>
<tag>PageContent</tag>
<tag>Setter</tag>
<doc>Simulates mouse click on the element found by ``selector``.</doc>
<status status="PASS" start="2024-11-18T15:47:40.511047" elapsed="0.020241"/>
</kw>
<arg>invaliduser@smartbit.com</arg>
<arg>pwd123</arg>
<status status="PASS" start="2024-11-18T15:47:40.478703" elapsed="0.052585"/>
</kw>
<kw name="Toast should be" owner="Toast">
<kw name="Set Variable" owner="BuiltIn">
<msg time="2024-11-18T15:47:40.532289" level="INFO">${selector} = .Toastify__toast-body</msg>
<var>${selector}</var>
<arg>.Toastify__toast-body</arg>
<doc>Returns the given values which can then be assigned to a variables.</doc>
<status status="PASS" start="2024-11-18T15:47:40.531789" elapsed="0.000500"/>
</kw>
<kw name="Wait For Elements State" owner="Browser">
<msg time="2024-11-18T15:47:41.867432" level="INFO">Waited for Element with selector css=.Toastify__toast-body at state visible</msg>
<arg>css=${selector}</arg>
<arg>visible</arg>
<arg>5</arg>
<tag>PageContent</tag>
<tag>Wait</tag>
<doc>Waits for the element found by ``selector`` to satisfy state option.</doc>
<status status="PASS" start="2024-11-18T15:47:40.532289" elapsed="1.335143"/>
</kw>
<kw name="Get Text" owner="Browser">
<msg time="2024-11-18T15:47:41.881545" level="INFO">Text: 'As credenciais de acesso fornecidas são inválidas. Tente novamente!'</msg>
<arg>css=${selector}</arg>
<arg>equal</arg>
<arg>${expected_text}</arg>
<tag>Assertion</tag>
<tag>Getter</tag>
<tag>PageContent</tag>
<doc>Returns text attribute of the element found by ``selector``.</doc>
<status status="PASS" start="2024-11-18T15:47:41.867432" elapsed="0.014113"/>
</kw>
<kw name="Take Screenshot" owner="Browser">
<msg time="2024-11-18T15:47:42.694267" level="INFO" html="true">&lt;/td&gt;&lt;/tr&gt;&lt;tr&gt;&lt;td colspan="3"&gt;&lt;a href="browser/screenshot/robotframework-browser-screenshot-4.png" target="_blank"&gt;&lt;img src="browser/screenshot/robotframework-browser-screenshot-4.png" width="800px"/&gt;&lt;/a&gt;</msg>
<arg>selector=${selector}</arg>
<tag>PageContent</tag>
<doc>Takes a screenshot of the current window or element and saves it to disk.</doc>
<status status="PASS" start="2024-11-18T15:47:41.882045" elapsed="0.812222"/>
</kw>
<arg>As credenciais de acesso fornecidas são inválidas. Tente novamente!</arg>
<status status="PASS" start="2024-11-18T15:47:40.531789" elapsed="2.162478"/>
</kw>
<kw name="Finish Session" owner="Base" type="TEARDOWN">
<kw name="Take Screenshot" owner="Browser">
<msg time="2024-11-18T15:47:42.745837" level="INFO" html="true">&lt;/td&gt;&lt;/tr&gt;&lt;tr&gt;&lt;td colspan="3"&gt;&lt;a href="browser/screenshot/robotframework-browser-screenshot-5.png" target="_blank"&gt;&lt;img src="browser/screenshot/robotframework-browser-screenshot-5.png" width="800px"/&gt;&lt;/a&gt;</msg>
<arg>fullPage=True</arg>
<tag>PageContent</tag>
<doc>Takes a screenshot of the current window or element and saves it to disk.</doc>
<status status="PASS" start="2024-11-18T15:47:42.694767" elapsed="0.051587"/>
</kw>
<status status="PASS" start="2024-11-18T15:47:42.694767" elapsed="0.051587"/>
</kw>
<tag>unreg_user</tag>
<status status="PASS" start="2024-11-18T15:47:39.959693" elapsed="2.786661"/>
</test>
<test id="s1-s1-t4" name="Login attempt with incorrect data" line="27">
<kw name="Start Session" owner="Base" type="SETUP">
<kw name="New Browser" owner="Browser">
<msg time="2024-11-18T15:47:42.794510" level="INFO">Switching browser to browser=612df3eb-fefc-46f8-be6c-d663a767f01d</msg>
<msg time="2024-11-18T15:47:42.795514" level="INFO">Successfully changed active browser: browser=612df3eb-fefc-46f8-be6c-d663a767f01d</msg>
<msg time="2024-11-18T15:47:42.795514" level="INFO">Reusing existing browser with id: browser=612df3eb-fefc-46f8-be6c-d663a767f01d</msg>
<arg>browser=${BROWSER}</arg>
<arg>headless=${HEADLESS}</arg>
<tag>BrowserControl</tag>
<tag>Setter</tag>
<doc>Create a new playwright Browser with specified options.</doc>
<status status="PASS" start="2024-11-18T15:47:42.794009" elapsed="0.002027"/>
</kw>
<kw name="New Page" owner="Browser">
<msg time="2024-11-18T15:47:43.348819" level="INFO">Successfully initialized new page object and opened url: http://localhost:3000</msg>
<msg time="2024-11-18T15:47:43.348819" level="INFO">No context was open. New context was automatically opened when this page is created.</msg>
<arg>${URL}</arg>
<tag>BrowserControl</tag>
<tag>Setter</tag>
<doc>Open a new Page.</doc>
<status status="PASS" start="2024-11-18T15:47:42.796036" elapsed="0.553283"/>
</kw>
<status status="PASS" start="2024-11-18T15:47:42.793509" elapsed="0.555810"/>
</kw>
<kw name="Login with verify notice">
<kw name="Go to Login Page" owner="Login">
<kw name="Go To" owner="Browser">
<msg time="2024-11-18T15:47:43.401465" level="INFO">Successfully opened URL http://localhost:3000/login</msg>
<arg>${URL}/login</arg>
<tag>BrowserControl</tag>
<tag>Setter</tag>
<doc>Navigates to the given ``url``.</doc>
<status status="PASS" start="2024-11-18T15:47:43.350319" elapsed="0.052149"/>
</kw>
<status status="PASS" start="2024-11-18T15:47:43.350319" elapsed="0.052149"/>
</kw>
<kw name="Submit Login Form" owner="Login">
<kw name="Fill Text" owner="Browser">
<msg time="2024-11-18T15:47:43.402969" level="INFO">Fills the text '' in the given field.</msg>
<arg>css=input[name=email]</arg>
<arg>${email}</arg>
<tag>PageContent</tag>
<tag>Setter</tag>
<doc>Clears and fills the given ``txt`` into the text field found by ``selector``.</doc>
<status status="PASS" start="2024-11-18T15:47:43.402969" elapsed="0.024428"/>
</kw>
<kw name="Fill Text" owner="Browser">
<msg time="2024-11-18T15:47:43.427896" level="INFO">Fills the text '' in the given field.</msg>
<arg>css=input[name=password]</arg>
<arg>${password}</arg>
<tag>PageContent</tag>
<tag>Setter</tag>
<doc>Clears and fills the given ``txt`` into the text field found by ``selector``.</doc>
<status status="PASS" start="2024-11-18T15:47:43.427397" elapsed="0.008523"/>
</kw>
<kw name="Click" owner="Browser">
<msg time="2024-11-18T15:47:43.436432" level="INFO">Clicks the element 'css=button &gt;&gt; text=Entrar'.</msg>
<arg>css=button &gt;&gt; text=Entrar</arg>
<tag>PageContent</tag>
<tag>Setter</tag>
<doc>Simulates mouse click on the element found by ``selector``.</doc>
<status status="PASS" start="2024-11-18T15:47:43.436432" elapsed="0.019760"/>
</kw>
<arg>${email}</arg>
<arg>${password}</arg>
<status status="PASS" start="2024-11-18T15:47:43.402468" elapsed="0.053724"/>
</kw>
<kw name="Notice should be" owner="BoxNotice">
<kw name="Set Variable" owner="BuiltIn">
<msg time="2024-11-18T15:47:43.456693" level="INFO">${element} = css=form .notice</msg>
<var>${element}</var>
<arg>css=form .notice</arg>
<doc>Returns the given values which can then be assigned to a variables.</doc>
<status status="PASS" start="2024-11-18T15:47:43.456693" elapsed="0.000000"/>
</kw>
<kw name="Wait For Elements State" owner="Browser">
<msg time="2024-11-18T15:47:43.767859" level="INFO">Waited for Element with selector css=form .notice at state visible</msg>
<arg>${element}</arg>
<arg>visible</arg>
<arg>5</arg>
<tag>PageContent</tag>
<tag>Wait</tag>
<doc>Waits for the element found by ``selector`` to satisfy state option.</doc>
<status status="PASS" start="2024-11-18T15:47:43.456693" elapsed="0.311166"/>
</kw>
<kw name="Get Text" owner="Browser">
<msg time="2024-11-18T15:47:43.783004" level="INFO">Text: 'Os campos email e senha são obrigatórios.'</msg>
<arg>${element}</arg>
<arg>equal</arg>
<arg>${target}</arg>
<tag>Assertion</tag>
<tag>Getter</tag>
<tag>PageContent</tag>
<doc>Returns text attribute of the element found by ``selector``.</doc>
<status status="PASS" start="2024-11-18T15:47:43.767859" elapsed="0.015145"/>
</kw>
<arg>${output_message}</arg>
<status status="PASS" start="2024-11-18T15:47:43.456192" elapsed="0.327356"/>
</kw>
<arg>${EMPTY}</arg>
<arg>${EMPTY}</arg>
<arg>Os campos email e senha são obrigatórios.</arg>
<status status="PASS" start="2024-11-18T15:47:43.349319" elapsed="0.434229"/>
</kw>
<kw name="Login with verify notice">
<kw name="Go to Login Page" owner="Login">
<kw name="Go To" owner="Browser">
<msg time="2024-11-18T15:47:43.821013" level="INFO">Successfully opened URL http://localhost:3000/login</msg>
<arg>${URL}/login</arg>
<tag>BrowserControl</tag>
<tag>Setter</tag>
<doc>Navigates to the given ``url``.</doc>
<status status="PASS" start="2024-11-18T15:47:43.784549" elapsed="0.036464"/>
</kw>
<status status="PASS" start="2024-11-18T15:47:43.784049" elapsed="0.036964"/>
</kw>
<kw name="Submit Login Form" owner="Login">
<kw name="Fill Text" owner="Browser">
<msg time="2024-11-18T15:47:43.821513" level="INFO">Fills the text 'sac@smartbit.com' in the given field.</msg>
<arg>css=input[name=email]</arg>
<arg>${email}</arg>
<tag>PageContent</tag>
<tag>Setter</tag>
<doc>Clears and fills the given ``txt`` into the text field found by ``selector``.</doc>
<status status="PASS" start="2024-11-18T15:47:43.821513" elapsed="0.014407"/>
</kw>
<kw name="Fill Text" owner="Browser">
<msg time="2024-11-18T15:47:43.836434" level="INFO">Fills the text '' in the given field.</msg>
<arg>css=input[name=password]</arg>
<arg>${password}</arg>
<tag>PageContent</tag>
<tag>Setter</tag>
<doc>Clears and fills the given ``txt`` into the text field found by ``selector``.</doc>
<status status="PASS" start="2024-11-18T15:47:43.836434" elapsed="0.009200"/>
</kw>
<kw name="Click" owner="Browser">
<msg time="2024-11-18T15:47:43.846645" level="INFO">Clicks the element 'css=button &gt;&gt; text=Entrar'.</msg>
<arg>css=button &gt;&gt; text=Entrar</arg>
<tag>PageContent</tag>
<tag>Setter</tag>
<doc>Simulates mouse click on the element found by ``selector``.</doc>
<status status="PASS" start="2024-11-18T15:47:43.846145" elapsed="0.020737"/>
</kw>
<arg>${email}</arg>
<arg>${password}</arg>
<status status="PASS" start="2024-11-18T15:47:43.821513" elapsed="0.045369"/>
</kw>
<kw name="Notice should be" owner="BoxNotice">
<kw name="Set Variable" owner="BuiltIn">
<msg time="2024-11-18T15:47:43.867638" level="INFO">${element} = css=form .notice</msg>
<var>${element}</var>
<arg>css=form .notice</arg>
<doc>Returns the given values which can then be assigned to a variables.</doc>
<status status="PASS" start="2024-11-18T15:47:43.867638" elapsed="0.000000"/>
</kw>
<kw name="Wait For Elements State" owner="Browser">
<msg time="2024-11-18T15:47:44.181971" level="INFO">Waited for Element with selector css=form .notice at state visible</msg>
<arg>${element}</arg>
<arg>visible</arg>
<arg>5</arg>
<tag>PageContent</tag>
<tag>Wait</tag>
<doc>Waits for the element found by ``selector`` to satisfy state option.</doc>
<status status="PASS" start="2024-11-18T15:47:43.867638" elapsed="0.314333"/>
</kw>
<kw name="Get Text" owner="Browser">
<msg time="2024-11-18T15:47:44.195597" level="INFO">Text: 'Os campos email e senha são obrigatórios.'</msg>
<arg>${element}</arg>
<arg>equal</arg>
<arg>${target}</arg>
<tag>Assertion</tag>
<tag>Getter</tag>
<tag>PageContent</tag>
<doc>Returns text attribute of the element found by ``selector``.</doc>
<status status="PASS" start="2024-11-18T15:47:44.181971" elapsed="0.013626"/>
</kw>
<arg>${output_message}</arg>
<status status="PASS" start="2024-11-18T15:47:43.866882" elapsed="0.329218"/>
</kw>
<arg>sac@smartbit.com</arg>
<arg>${EMPTY}</arg>
<arg>Os campos email e senha são obrigatórios.</arg>
<status status="PASS" start="2024-11-18T15:47:43.783548" elapsed="0.412552"/>
</kw>
<kw name="Login with verify notice">
<kw name="Go to Login Page" owner="Login">
<kw name="Go To" owner="Browser">
<msg time="2024-11-18T15:47:44.231167" level="INFO">Successfully opened URL http://localhost:3000/login</msg>
<arg>${URL}/login</arg>
<tag>BrowserControl</tag>
<tag>Setter</tag>
<doc>Navigates to the given ``url``.</doc>
<status status="PASS" start="2024-11-18T15:47:44.196600" elapsed="0.035067"/>
</kw>
<status status="PASS" start="2024-11-18T15:47:44.196600" elapsed="0.035067"/>
</kw>
<kw name="Submit Login Form" owner="Login">
<kw name="Fill Text" owner="Browser">
<msg time="2024-11-18T15:47:44.232671" level="INFO">Fills the text '' in the given field.</msg>
<arg>css=input[name=email]</arg>
<arg>${email}</arg>
<tag>PageContent</tag>
<tag>Setter</tag>
<doc>Clears and fills the given ``txt`` into the text field found by ``selector``.</doc>
<status status="PASS" start="2024-11-18T15:47:44.232671" elapsed="0.015456"/>
</kw>
<kw name="Fill Text" owner="Browser">
<msg time="2024-11-18T15:47:44.249128" level="INFO">Fills the text 'pwd123' in the given field.</msg>
<arg>css=input[name=password]</arg>
<arg>${password}</arg>
<tag>PageContent</tag>
<tag>Setter</tag>
<doc>Clears and fills the given ``txt`` into the text field found by ``selector``.</doc>
<status status="PASS" start="2024-11-18T15:47:44.248629" elapsed="0.008522"/>
</kw>
<kw name="Click" owner="Browser">
<msg time="2024-11-18T15:47:44.257652" level="INFO">Clicks the element 'css=button &gt;&gt; text=Entrar'.</msg>
<arg>css=button &gt;&gt; text=Entrar</arg>
<tag>PageContent</tag>
<tag>Setter</tag>
<doc>Simulates mouse click on the element found by ``selector``.</doc>
<status status="PASS" start="2024-11-18T15:47:44.257151" elapsed="0.014385"/>
</kw>
<arg>${email}</arg>
<arg>${password}</arg>
<status status="PASS" start="2024-11-18T15:47:44.231667" elapsed="0.039869"/>
</kw>
<kw name="Notice should be" owner="BoxNotice">
<kw name="Set Variable" owner="BuiltIn">
<msg time="2024-11-18T15:47:44.271536" level="INFO">${element} = css=form .notice</msg>
<var>${element}</var>
<arg>css=form .notice</arg>
<doc>Returns the given values which can then be assigned to a variables.</doc>
<status status="PASS" start="2024-11-18T15:47:44.271536" elapsed="0.000000"/>
</kw>
<kw name="Wait For Elements State" owner="Browser">
<msg time="2024-11-18T15:47:44.584601" level="INFO">Waited for Element with selector css=form .notice at state visible</msg>
<arg>${element}</arg>
<arg>visible</arg>
<arg>5</arg>
<tag>PageContent</tag>
<tag>Wait</tag>
<doc>Waits for the element found by ``selector`` to satisfy state option.</doc>
<status status="PASS" start="2024-11-18T15:47:44.271536" elapsed="0.313065"/>
</kw>
<kw name="Get Text" owner="Browser">
<msg time="2024-11-18T15:47:44.599036" level="INFO">Text: 'Os campos email e senha são obrigatórios.'</msg>
<arg>${element}</arg>
<arg>equal</arg>
<arg>${target}</arg>
<tag>Assertion</tag>
<tag>Getter</tag>
<tag>PageContent</tag>
<doc>Returns text attribute of the element found by ``selector``.</doc>
<status status="PASS" start="2024-11-18T15:47:44.584601" elapsed="0.014435"/>
</kw>
<arg>${output_message}</arg>
<status status="PASS" start="2024-11-18T15:47:44.271536" elapsed="0.327500"/>
</kw>
<arg>${EMPTY}</arg>
<arg>pwd123</arg>
<arg>Os campos email e senha são obrigatórios.</arg>
<status status="PASS" start="2024-11-18T15:47:44.196100" elapsed="0.402936"/>
</kw>
<kw name="Login with verify notice">
<kw name="Go to Login Page" owner="Login">
<kw name="Go To" owner="Browser">
<msg time="2024-11-18T15:47:44.634696" level="INFO">Successfully opened URL http://localhost:3000/login</msg>
<arg>${URL}/login</arg>
<tag>BrowserControl</tag>
<tag>Setter</tag>
<doc>Navigates to the given ``url``.</doc>
<status status="PASS" start="2024-11-18T15:47:44.600037" elapsed="0.034659"/>
</kw>
<status status="PASS" start="2024-11-18T15:47:44.599536" elapsed="0.036164"/>
</kw>
<kw name="Submit Login Form" owner="Login">
<kw name="Fill Text" owner="Browser">
<msg time="2024-11-18T15:47:44.636716" level="INFO">Fills the text 'www.teste.com.br' in the given field.</msg>
<arg>css=input[name=email]</arg>
<arg>${email}</arg>
<tag>PageContent</tag>
<tag>Setter</tag>
<doc>Clears and fills the given ``txt`` into the text field found by ``selector``.</doc>
<status status="PASS" start="2024-11-18T15:47:44.636215" elapsed="0.014321"/>
</kw>
<kw name="Fill Text" owner="Browser">
<msg time="2024-11-18T15:47:44.651037" level="INFO">Fills the text 'pwd123' in the given field.</msg>
<arg>css=input[name=password]</arg>
<arg>${password}</arg>
<tag>PageContent</tag>
<tag>Setter</tag>
<doc>Clears and fills the given ``txt`` into the text field found by ``selector``.</doc>
<status status="PASS" start="2024-11-18T15:47:44.651037" elapsed="0.008568"/>
</kw>
<kw name="Click" owner="Browser">
<msg time="2024-11-18T15:47:44.660609" level="INFO">Clicks the element 'css=button &gt;&gt; text=Entrar'.</msg>
<arg>css=button &gt;&gt; text=Entrar</arg>
<tag>PageContent</tag>
<tag>Setter</tag>
<doc>Simulates mouse click on the element found by ``selector``.</doc>
<status status="PASS" start="2024-11-18T15:47:44.659605" elapsed="0.018063"/>
</kw>
<arg>${email}</arg>
<arg>${password}</arg>
<status status="PASS" start="2024-11-18T15:47:44.635700" elapsed="0.041968"/>
</kw>
<kw name="Notice should be" owner="BoxNotice">
<kw name="Set Variable" owner="BuiltIn">
<msg time="2024-11-18T15:47:44.678167" level="INFO">${element} = css=form .notice</msg>
<var>${element}</var>
<arg>css=form .notice</arg>
<doc>Returns the given values which can then be assigned to a variables.</doc>
<status status="PASS" start="2024-11-18T15:47:44.678167" elapsed="0.000000"/>
</kw>
<kw name="Wait For Elements State" owner="Browser">
<msg time="2024-11-18T15:47:44.986288" level="INFO">Waited for Element with selector css=form .notice at state visible</msg>
<arg>${element}</arg>
<arg>visible</arg>
<arg>5</arg>
<tag>PageContent</tag>
<tag>Wait</tag>
<doc>Waits for the element found by ``selector`` to satisfy state option.</doc>
<status status="PASS" start="2024-11-18T15:47:44.678668" elapsed="0.307620"/>
</kw>
<kw name="Get Text" owner="Browser">
<msg time="2024-11-18T15:47:44.999926" level="INFO">Text: 'Oops! O email informado é inválido'</msg>
<arg>${element}</arg>
<arg>equal</arg>
<arg>${target}</arg>
<tag>Assertion</tag>
<tag>Getter</tag>
<tag>PageContent</tag>
<doc>Returns text attribute of the element found by ``selector``.</doc>
<status status="PASS" start="2024-11-18T15:47:44.986288" elapsed="0.013638"/>
</kw>
<arg>${output_message}</arg>
<status status="PASS" start="2024-11-18T15:47:44.678167" elapsed="0.321759"/>
</kw>
<arg>www.teste.com.br</arg>
<arg>pwd123</arg>
<arg>Oops! O email informado é inválido</arg>
<status status="PASS" start="2024-11-18T15:47:44.599536" elapsed="0.400390"/>
</kw>
<kw name="Login with verify notice">
<kw name="Go to Login Page" owner="Login">
<kw name="Go To" owner="Browser">
<msg time="2024-11-18T15:47:45.034537" level="INFO">Successfully opened URL http://localhost:3000/login</msg>
<arg>${URL}/login</arg>
<tag>BrowserControl</tag>
<tag>Setter</tag>
<doc>Navigates to the given ``url``.</doc>
<status status="PASS" start="2024-11-18T15:47:45.000926" elapsed="0.034615"/>
</kw>
<status status="PASS" start="2024-11-18T15:47:45.000426" elapsed="0.035115"/>
</kw>
<kw name="Submit Login Form" owner="Login">
<kw name="Fill Text" owner="Browser">
<msg time="2024-11-18T15:47:45.036562" level="INFO">Fills the text 'emailgmail.com' in the given field.</msg>
<arg>css=input[name=email]</arg>
<arg>${email}</arg>
<tag>PageContent</tag>
<tag>Setter</tag>
<doc>Clears and fills the given ``txt`` into the text field found by ``selector``.</doc>
<status status="PASS" start="2024-11-18T15:47:45.036063" elapsed="0.013481"/>
</kw>
<kw name="Fill Text" owner="Browser">
<msg time="2024-11-18T15:47:45.050545" level="INFO">Fills the text 'pwd123' in the given field.</msg>
<arg>css=input[name=password]</arg>
<arg>${password}</arg>
<tag>PageContent</tag>
<tag>Setter</tag>
<doc>Clears and fills the given ``txt`` into the text field found by ``selector``.</doc>
<status status="PASS" start="2024-11-18T15:47:45.050044" elapsed="0.008628"/>
</kw>
<kw name="Click" owner="Browser">
<msg time="2024-11-18T15:47:45.059172" level="INFO">Clicks the element 'css=button &gt;&gt; text=Entrar'.</msg>
<arg>css=button &gt;&gt; text=Entrar</arg>
<tag>PageContent</tag>
<tag>Setter</tag>
<doc>Simulates mouse click on the element found by ``selector``.</doc>
<status status="PASS" start="2024-11-18T15:47:45.058672" elapsed="0.013214"/>
</kw>
<arg>${email}</arg>
<arg>${password}</arg>
<status status="PASS" start="2024-11-18T15:47:45.035541" elapsed="0.036345"/>
</kw>
<kw name="Notice should be" owner="BoxNotice">
<kw name="Set Variable" owner="BuiltIn">
<msg time="2024-11-18T15:47:45.072890" level="INFO">${element} = css=form .notice</msg>
<var>${element}</var>
<arg>css=form .notice</arg>
<doc>Returns the given values which can then be assigned to a variables.</doc>
<status status="PASS" start="2024-11-18T15:47:45.071886" elapsed="0.001004"/>
</kw>
<kw name="Wait For Elements State" owner="Browser">
<msg time="2024-11-18T15:47:45.388338" level="INFO">Waited for Element with selector css=form .notice at state visible</msg>
<arg>${element}</arg>
<arg>visible</arg>
<arg>5</arg>
<tag>PageContent</tag>
<tag>Wait</tag>
<doc>Waits for the element found by ``selector`` to satisfy state option.</doc>
<status status="PASS" start="2024-11-18T15:47:45.072890" elapsed="0.315948"/>
</kw>
<kw name="Get Text" owner="Browser">
<msg time="2024-11-18T15:47:45.402860" level="INFO">Text: 'Oops! O email informado é inválido'</msg>
<arg>${element}</arg>
<arg>equal</arg>
<arg>${target}</arg>
<tag>Assertion</tag>
<tag>Getter</tag>
<tag>PageContent</tag>
<doc>Returns text attribute of the element found by ``selector``.</doc>
<status status="PASS" start="2024-11-18T15:47:45.388838" elapsed="0.014022"/>
</kw>
<arg>${output_message}</arg>
<status status="PASS" start="2024-11-18T15:47:45.071886" elapsed="0.330974"/>
</kw>
<arg>emailgmail.com</arg>
<arg>pwd123</arg>
<arg>Oops! O email informado é inválido</arg>
<status status="PASS" start="2024-11-18T15:47:45.000426" elapsed="0.402935"/>
</kw>
<kw name="Login with verify notice">
<kw name="Go to Login Page" owner="Login">
<kw name="Go To" owner="Browser">
<msg time="2024-11-18T15:47:45.439618" level="INFO">Successfully opened URL http://localhost:3000/login</msg>
<arg>${URL}/login</arg>
<tag>BrowserControl</tag>
<tag>Setter</tag>
<doc>Navigates to the given ``url``.</doc>
<status status="PASS" start="2024-11-18T15:47:45.403863" elapsed="0.036254"/>
</kw>
<status status="PASS" start="2024-11-18T15:47:45.403863" elapsed="0.036254"/>
</kw>
<kw name="Submit Login Form" owner="Login">
<kw name="Fill Text" owner="Browser">
<msg time="2024-11-18T15:47:45.441117" level="INFO">Fills the text 'email@@gmail.com' in the given field.</msg>
<arg>css=input[name=email]</arg>
<arg>${email}</arg>
<tag>PageContent</tag>
<tag>Setter</tag>
<doc>Clears and fills the given ``txt`` into the text field found by ``selector``.</doc>
<status status="PASS" start="2024-11-18T15:47:45.440618" elapsed="0.013896"/>
</kw>
<kw name="Fill Text" owner="Browser">
<msg time="2024-11-18T15:47:45.454514" level="INFO">Fills the text 'pwd123' in the given field.</msg>
<arg>css=input[name=password]</arg>
<arg>${password}</arg>
<tag>PageContent</tag>
<tag>Setter</tag>
<doc>Clears and fills the given ``txt`` into the text field found by ``selector``.</doc>
<status status="PASS" start="2024-11-18T15:47:45.454514" elapsed="0.008545"/>
</kw>
<kw name="Click" owner="Browser">
<msg time="2024-11-18T15:47:45.463560" level="INFO">Clicks the element 'css=button &gt;&gt; text=Entrar'.</msg>
<arg>css=button &gt;&gt; text=Entrar</arg>
<tag>PageContent</tag>
<tag>Setter</tag>
<doc>Simulates mouse click on the element found by ``selector``.</doc>
<status status="PASS" start="2024-11-18T15:47:45.463059" elapsed="0.020680"/>
</kw>
<arg>${email}</arg>
<arg>${password}</arg>
<status status="PASS" start="2024-11-18T15:47:45.440117" elapsed="0.043622"/>
</kw>
<kw name="Notice should be" owner="BoxNotice">
<kw name="Set Variable" owner="BuiltIn">
<msg time="2024-11-18T15:47:45.484239" level="INFO">${element} = css=form .notice</msg>
<var>${element}</var>
<arg>css=form .notice</arg>
<doc>Returns the given values which can then be assigned to a variables.</doc>
<status status="PASS" start="2024-11-18T15:47:45.484239" elapsed="0.000000"/>
</kw>
<kw name="Wait For Elements State" owner="Browser">
<msg time="2024-11-18T15:47:45.803856" level="INFO">Waited for Element with selector css=form .notice at state visible</msg>
<arg>${element}</arg>
<arg>visible</arg>
<arg>5</arg>
<tag>PageContent</tag>
<tag>Wait</tag>
<doc>Waits for the element found by ``selector`` to satisfy state option.</doc>
<status status="PASS" start="2024-11-18T15:47:45.484739" elapsed="0.319616"/>
</kw>
<kw name="Get Text" owner="Browser">
<msg time="2024-11-18T15:47:45.817895" level="INFO">Text: 'Oops! O email informado é inválido'</msg>
<arg>${element}</arg>
<arg>equal</arg>
<arg>${target}</arg>
<tag>Assertion</tag>
<tag>Getter</tag>
<tag>PageContent</tag>
<doc>Returns text attribute of the element found by ``selector``.</doc>
<status status="PASS" start="2024-11-18T15:47:45.804355" elapsed="0.013540"/>
</kw>
<arg>${output_message}</arg>
<status status="PASS" start="2024-11-18T15:47:45.484239" elapsed="0.333656"/>
</kw>
<arg>email@@gmail.com</arg>
<arg>pwd123</arg>
<arg>Oops! O email informado é inválido</arg>
<status status="PASS" start="2024-11-18T15:47:45.403361" elapsed="0.414534"/>
</kw>
<kw name="Login with verify notice">
<kw name="Go to Login Page" owner="Login">
<kw name="Go To" owner="Browser">
<msg time="2024-11-18T15:47:45.850946" level="INFO">Successfully opened URL http://localhost:3000/login</msg>
<arg>${URL}/login</arg>
<tag>BrowserControl</tag>
<tag>Setter</tag>
<doc>Navigates to the given ``url``.</doc>
<status status="PASS" start="2024-11-18T15:47:45.818395" elapsed="0.033051"/>
</kw>
<status status="PASS" start="2024-11-18T15:47:45.818395" elapsed="0.033051"/>
</kw>
<kw name="Submit Login Form" owner="Login">
<kw name="Fill Text" owner="Browser">
<msg time="2024-11-18T15:47:45.851946" level="INFO">Fills the text 'email@.com' in the given field.</msg>
<arg>css=input[name=email]</arg>
<arg>${email}</arg>
<tag>PageContent</tag>
<tag>Setter</tag>
<doc>Clears and fills the given ``txt`` into the text field found by ``selector``.</doc>
<status status="PASS" start="2024-11-18T15:47:45.851946" elapsed="0.013564"/>
</kw>
<kw name="Fill Text" owner="Browser">
<msg time="2024-11-18T15:47:45.866531" level="INFO">Fills the text 'pwd123' in the given field.</msg>
<arg>css=input[name=password]</arg>
<arg>${password}</arg>
<tag>PageContent</tag>
<tag>Setter</tag>
<doc>Clears and fills the given ``txt`` into the text field found by ``selector``.</doc>
<status status="PASS" start="2024-11-18T15:47:45.866030" elapsed="0.008814"/>
</kw>
<kw name="Click" owner="Browser">
<msg time="2024-11-18T15:47:45.874844" level="INFO">Clicks the element 'css=button &gt;&gt; text=Entrar'.</msg>
<arg>css=button &gt;&gt; text=Entrar</arg>
<tag>PageContent</tag>
<tag>Setter</tag>
<doc>Simulates mouse click on the element found by ``selector``.</doc>
<status status="PASS" start="2024-11-18T15:47:45.874844" elapsed="0.015983"/>
</kw>
<arg>${email}</arg>
<arg>${password}</arg>
<status status="PASS" start="2024-11-18T15:47:45.851446" elapsed="0.039381"/>
</kw>
<kw name="Notice should be" owner="BoxNotice">
<kw name="Set Variable" owner="BuiltIn">
<msg time="2024-11-18T15:47:45.891327" level="INFO">${element} = css=form .notice</msg>
<var>${element}</var>
<arg>css=form .notice</arg>
<doc>Returns the given values which can then be assigned to a variables.</doc>
<status status="PASS" start="2024-11-18T15:47:45.891327" elapsed="0.000000"/>
</kw>
<kw name="Wait For Elements State" owner="Browser">
<msg time="2024-11-18T15:47:46.206197" level="INFO">Waited for Element with selector css=form .notice at state visible</msg>
<arg>${element}</arg>
<arg>visible</arg>
<arg>5</arg>
<tag>PageContent</tag>
<tag>Wait</tag>
<doc>Waits for the element found by ``selector`` to satisfy state option.</doc>
<status status="PASS" start="2024-11-18T15:47:45.891826" elapsed="0.314871"/>
</kw>
<kw name="Get Text" owner="Browser">
<msg time="2024-11-18T15:47:46.220531" level="INFO">Text: 'Oops! O email informado é inválido'</msg>
<arg>${element}</arg>
<arg>equal</arg>
<arg>${target}</arg>
<tag>Assertion</tag>
<tag>Getter</tag>
<tag>PageContent</tag>
<doc>Returns text attribute of the element found by ``selector``.</doc>
<status status="PASS" start="2024-11-18T15:47:46.206697" elapsed="0.013834"/>
</kw>
<arg>${output_message}</arg>
<status status="PASS" start="2024-11-18T15:47:45.890827" elapsed="0.329704"/>
</kw>
<arg>email@.com</arg>
<arg>pwd123</arg>
<arg>Oops! O email informado é inválido</arg>
<status status="PASS" start="2024-11-18T15:47:45.818395" elapsed="0.402136"/>
</kw>
<kw name="Login with verify notice">
<kw name="Go to Login Page" owner="Login">
<kw name="Go To" owner="Browser">
<msg time="2024-11-18T15:47:46.254681" level="INFO">Successfully opened URL http://localhost:3000/login</msg>
<arg>${URL}/login</arg>
<tag>BrowserControl</tag>
<tag>Setter</tag>
<doc>Navigates to the given ``url``.</doc>
<status status="PASS" start="2024-11-18T15:47:46.221031" elapsed="0.033650"/>
</kw>
<status status="PASS" start="2024-11-18T15:47:46.221031" elapsed="0.033650"/>
</kw>
<kw name="Submit Login Form" owner="Login">
<kw name="Fill Text" owner="Browser">
<msg time="2024-11-18T15:47:46.255684" level="INFO">Fills the text 'email@gmailcom' in the given field.</msg>
<arg>css=input[name=email]</arg>
<arg>${email}</arg>
<tag>PageContent</tag>
<tag>Setter</tag>
<doc>Clears and fills the given ``txt`` into the text field found by ``selector``.</doc>
<status status="PASS" start="2024-11-18T15:47:46.254681" elapsed="0.015141"/>
</kw>
<kw name="Fill Text" owner="Browser">
<msg time="2024-11-18T15:47:46.270322" level="INFO">Fills the text 'pwd123' in the given field.</msg>
<arg>css=input[name=password]</arg>
<arg>${password}</arg>
<tag>PageContent</tag>
<tag>Setter</tag>
<doc>Clears and fills the given ``txt`` into the text field found by ``selector``.</doc>
<status status="PASS" start="2024-11-18T15:47:46.269822" elapsed="0.009800"/>
</kw>
<kw name="Click" owner="Browser">
<msg time="2024-11-18T15:47:46.280123" level="INFO">Clicks the element 'css=button &gt;&gt; text=Entrar'.</msg>
<arg>css=button &gt;&gt; text=Entrar</arg>
<tag>PageContent</tag>
<tag>Setter</tag>
<doc>Simulates mouse click on the element found by ``selector``.</doc>
<status status="PASS" start="2024-11-18T15:47:46.280123" elapsed="0.014451"/>
</kw>
<arg>${email}</arg>
<arg>${password}</arg>
<status status="PASS" start="2024-11-18T15:47:46.254681" elapsed="0.039893"/>
</kw>
<kw name="Notice should be" owner="BoxNotice">
<kw name="Set Variable" owner="BuiltIn">
<msg time="2024-11-18T15:47:46.294574" level="INFO">${element} = css=form .notice</msg>
<var>${element}</var>
<arg>css=form .notice</arg>
<doc>Returns the given values which can then be assigned to a variables.</doc>
<status status="PASS" start="2024-11-18T15:47:46.294574" elapsed="0.000000"/>
</kw>
<kw name="Wait For Elements State" owner="Browser">
<msg time="2024-11-18T15:47:46.606160" level="INFO">Waited for Element with selector css=form .notice at state visible</msg>
<arg>${element}</arg>
<arg>visible</arg>
<arg>5</arg>
<tag>PageContent</tag>
<tag>Wait</tag>
<doc>Waits for the element found by ``selector`` to satisfy state option.</doc>
<status status="PASS" start="2024-11-18T15:47:46.294574" elapsed="0.312086"/>
</kw>
<kw name="Get Text" owner="Browser">
<msg time="2024-11-18T15:47:46.619835" level="INFO">Text: 'Oops! O email informado é inválido'</msg>
<arg>${element}</arg>
<arg>equal</arg>
<arg>${target}</arg>
<tag>Assertion</tag>
<tag>Getter</tag>
<tag>PageContent</tag>
<doc>Returns text attribute of the element found by ``selector``.</doc>
<status status="PASS" start="2024-11-18T15:47:46.606660" elapsed="0.013175"/>
</kw>
<arg>${output_message}</arg>
<status status="PASS" start="2024-11-18T15:47:46.294574" elapsed="0.325261"/>
</kw>
<arg>email@gmailcom</arg>
<arg>pwd123</arg>
<arg>Oops! O email informado é inválido</arg>
<status status="PASS" start="2024-11-18T15:47:46.221031" elapsed="0.398804"/>
</kw>
<kw name="Login with verify notice">
<kw name="Go to Login Page" owner="Login">
<kw name="Go To" owner="Browser">
<msg time="2024-11-18T15:47:46.654553" level="INFO">Successfully opened URL http://localhost:3000/login</msg>
<arg>${URL}/login</arg>
<tag>BrowserControl</tag>
<tag>Setter</tag>
<doc>Navigates to the given ``url``.</doc>
<status status="PASS" start="2024-11-18T15:47:46.620834" elapsed="0.033719"/>
</kw>
<status status="PASS" start="2024-11-18T15:47:46.620335" elapsed="0.034218"/>
</kw>
<kw name="Submit Login Form" owner="Login">
<kw name="Fill Text" owner="Browser">
<msg time="2024-11-18T15:47:46.655557" level="INFO">Fills the text 'email@gmail.' in the given field.</msg>
<arg>css=input[name=email]</arg>
<arg>${email}</arg>
<tag>PageContent</tag>
<tag>Setter</tag>
<doc>Clears and fills the given ``txt`` into the text field found by ``selector``.</doc>
<status status="PASS" start="2024-11-18T15:47:46.655557" elapsed="0.013971"/>
</kw>
<kw name="Fill Text" owner="Browser">
<msg time="2024-11-18T15:47:46.670529" level="INFO">Fills the text 'pwd123' in the given field.</msg>
<arg>css=input[name=password]</arg>
<arg>${password}</arg>
<tag>PageContent</tag>
<tag>Setter</tag>
<doc>Clears and fills the given ``txt`` into the text field found by ``selector``.</doc>
<status status="PASS" start="2024-11-18T15:47:46.670029" elapsed="0.009037"/>
</kw>
<kw name="Click" owner="Browser">
<msg time="2024-11-18T15:47:46.679565" level="INFO">Clicks the element 'css=button &gt;&gt; text=Entrar'.</msg>
<arg>css=button &gt;&gt; text=Entrar</arg>
<tag>PageContent</tag>
<tag>Setter</tag>
<doc>Simulates mouse click on the element found by ``selector``.</doc>
<status status="PASS" start="2024-11-18T15:47:46.679066" elapsed="0.016674"/>
</kw>
<arg>${email}</arg>
<arg>${password}</arg>
<status status="PASS" start="2024-11-18T15:47:46.654553" elapsed="0.041701"/>
</kw>
<kw name="Notice should be" owner="BoxNotice">
<kw name="Set Variable" owner="BuiltIn">
<msg time="2024-11-18T15:47:46.696754" level="INFO">${element} = css=form .notice</msg>
<var>${element}</var>
<arg>css=form .notice</arg>
<doc>Returns the given values which can then be assigned to a variables.</doc>
<status status="PASS" start="2024-11-18T15:47:46.696254" elapsed="0.000500"/>
</kw>
<kw name="Wait For Elements State" owner="Browser">
<msg time="2024-11-18T15:47:47.008039" level="INFO">Waited for Element with selector css=form .notice at state visible</msg>
<arg>${element}</arg>
<arg>visible</arg>
<arg>5</arg>
<tag>PageContent</tag>
<tag>Wait</tag>
<doc>Waits for the element found by ``selector`` to satisfy state option.</doc>
<status status="PASS" start="2024-11-18T15:47:46.696754" elapsed="0.311285"/>
</kw>
<kw name="Get Text" owner="Browser">
<msg time="2024-11-18T15:47:47.021540" level="INFO">Text: 'Oops! O email informado é inválido'</msg>
<arg>${element}</arg>
<arg>equal</arg>
<arg>${target}</arg>
<tag>Assertion</tag>
<tag>Getter</tag>
<tag>PageContent</tag>
<doc>Returns text attribute of the element found by ``selector``.</doc>
<status status="PASS" start="2024-11-18T15:47:47.008039" elapsed="0.013501"/>
</kw>
<arg>${output_message}</arg>
<status status="PASS" start="2024-11-18T15:47:46.696254" elapsed="0.325286"/>
</kw>
<arg>email@gmail.</arg>
<arg>pwd123</arg>
<arg>Oops! O email informado é inválido</arg>
<status status="PASS" start="2024-11-18T15:47:46.620335" elapsed="0.401205"/>
</kw>
<kw name="Login with verify notice">
<kw name="Go to Login Page" owner="Login">
<kw name="Go To" owner="Browser">
<msg time="2024-11-18T15:47:47.056737" level="INFO">Successfully opened URL http://localhost:3000/login</msg>
<arg>${URL}/login</arg>
<tag>BrowserControl</tag>
<tag>Setter</tag>
<doc>Navigates to the given ``url``.</doc>
<status status="PASS" start="2024-11-18T15:47:47.022039" elapsed="0.034698"/>
</kw>
<status status="PASS" start="2024-11-18T15:47:47.022039" elapsed="0.034698"/>
</kw>
<kw name="Submit Login Form" owner="Login">
<kw name="Fill Text" owner="Browser">
<msg time="2024-11-18T15:47:47.057933" level="INFO">Fills the text 'email()@gmail.com' in the given field.</msg>
<arg>css=input[name=email]</arg>
<arg>${email}</arg>
<tag>PageContent</tag>
<tag>Setter</tag>
<doc>Clears and fills the given ``txt`` into the text field found by ``selector``.</doc>
<status status="PASS" start="2024-11-18T15:47:47.057433" elapsed="0.014547"/>
</kw>
<kw name="Fill Text" owner="Browser">
<msg time="2024-11-18T15:47:47.072983" level="INFO">Fills the text 'pwd123' in the given field.</msg>
<arg>css=input[name=password]</arg>
<arg>${password}</arg>
<tag>PageContent</tag>
<tag>Setter</tag>
<doc>Clears and fills the given ``txt`` into the text field found by ``selector``.</doc>
<status status="PASS" start="2024-11-18T15:47:47.071980" elapsed="0.009193"/>
</kw>
<kw name="Click" owner="Browser">
<msg time="2024-11-18T15:47:47.081673" level="INFO">Clicks the element 'css=button &gt;&gt; text=Entrar'.</msg>
<arg>css=button &gt;&gt; text=Entrar</arg>
<tag>PageContent</tag>
<tag>Setter</tag>
<doc>Simulates mouse click on the element found by ``selector``.</doc>
<status status="PASS" start="2024-11-18T15:47:47.081673" elapsed="0.015050"/>
</kw>
<arg>${email}</arg>
<arg>${password}</arg>
<status status="PASS" start="2024-11-18T15:47:47.057433" elapsed="0.039290"/>
</kw>
<kw name="Notice should be" owner="BoxNotice">
<kw name="Set Variable" owner="BuiltIn">
<msg time="2024-11-18T15:47:47.097642" level="INFO">${element} = css=form .notice</msg>
<var>${element}</var>
<arg>css=form .notice</arg>
<doc>Returns the given values which can then be assigned to a variables.</doc>
<status status="PASS" start="2024-11-18T15:47:47.096723" elapsed="0.000919"/>
</kw>
<kw name="Wait For Elements State" owner="Browser">
<msg time="2024-11-18T15:47:47.408140" level="INFO">Waited for Element with selector css=form .notice at state visible</msg>
<arg>${element}</arg>
<arg>visible</arg>
<arg>5</arg>
<tag>PageContent</tag>
<tag>Wait</tag>
<doc>Waits for the element found by ``selector`` to satisfy state option.</doc>
<status status="PASS" start="2024-11-18T15:47:47.097642" elapsed="0.310498"/>
</kw>
<kw name="Get Text" owner="Browser">
<msg time="2024-11-18T15:47:47.421087" level="INFO">Text: 'Oops! O email informado é inválido'</msg>
<arg>${element}</arg>
<arg>equal</arg>
<arg>${target}</arg>
<tag>Assertion</tag>
<tag>Getter</tag>
<tag>PageContent</tag>
<doc>Returns text attribute of the element found by ``selector``.</doc>
<status status="PASS" start="2024-11-18T15:47:47.408641" elapsed="0.012946"/>
</kw>
<arg>${output_message}</arg>
<status status="PASS" start="2024-11-18T15:47:47.096723" elapsed="0.324864"/>
</kw>
<arg>email()@gmail.com</arg>
<arg>pwd123</arg>
<arg>Oops! O email informado é inválido</arg>
<status status="PASS" start="2024-11-18T15:47:47.022039" elapsed="0.399548"/>
</kw>
<kw name="Login with verify notice">
<kw name="Go to Login Page" owner="Login">
<kw name="Go To" owner="Browser">
<msg time="2024-11-18T15:47:47.457335" level="INFO">Successfully opened URL http://localhost:3000/login</msg>
<arg>${URL}/login</arg>
<tag>BrowserControl</tag>
<tag>Setter</tag>
<doc>Navigates to the given ``url``.</doc>
<status status="PASS" start="2024-11-18T15:47:47.421587" elapsed="0.035748"/>
</kw>
<status status="PASS" start="2024-11-18T15:47:47.421587" elapsed="0.036247"/>
</kw>
<kw name="Submit Login Form" owner="Login">
<kw name="Fill Text" owner="Browser">
<msg time="2024-11-18T15:47:47.458335" level="INFO">Fills the text 'email@domain$%.com' in the given field.</msg>
<arg>css=input[name=email]</arg>
<arg>${email}</arg>
<tag>PageContent</tag>
<tag>Setter</tag>
<doc>Clears and fills the given ``txt`` into the text field found by ``selector``.</doc>
<status status="PASS" start="2024-11-18T15:47:47.457834" elapsed="0.013876"/>
</kw>
<kw name="Fill Text" owner="Browser">
<msg time="2024-11-18T15:47:47.472713" level="INFO">Fills the text 'pwd123' in the given field.</msg>
<arg>css=input[name=password]</arg>
<arg>${password}</arg>
<tag>PageContent</tag>
<tag>Setter</tag>
<doc>Clears and fills the given ``txt`` into the text field found by ``selector``.</doc>
<status status="PASS" start="2024-11-18T15:47:47.471710" elapsed="0.008660"/>
</kw>
<kw name="Click" owner="Browser">
<msg time="2024-11-18T15:47:47.480871" level="INFO">Clicks the element 'css=button &gt;&gt; text=Entrar'.</msg>
<arg>css=button &gt;&gt; text=Entrar</arg>
<tag>PageContent</tag>
<tag>Setter</tag>
<doc>Simulates mouse click on the element found by ``selector``.</doc>
<status status="PASS" start="2024-11-18T15:47:47.480871" elapsed="0.016004"/>
</kw>
<arg>${email}</arg>
<arg>${password}</arg>
<status status="PASS" start="2024-11-18T15:47:47.457834" elapsed="0.039041"/>
</kw>
<kw name="Notice should be" owner="BoxNotice">
<kw name="Set Variable" owner="BuiltIn">
<msg time="2024-11-18T15:47:47.497602" level="INFO">${element} = css=form .notice</msg>
<var>${element}</var>
<arg>css=form .notice</arg>
<doc>Returns the given values which can then be assigned to a variables.</doc>
<status status="PASS" start="2024-11-18T15:47:47.497602" elapsed="0.000000"/>
</kw>
<kw name="Wait For Elements State" owner="Browser">
<msg time="2024-11-18T15:47:47.811737" level="INFO">Waited for Element with selector css=form .notice at state visible</msg>
<arg>${element}</arg>
<arg>visible</arg>
<arg>5</arg>
<tag>PageContent</tag>
<tag>Wait</tag>
<doc>Waits for the element found by ``selector`` to satisfy state option.</doc>
<status status="PASS" start="2024-11-18T15:47:47.498101" elapsed="0.313636"/>
</kw>
<kw name="Get Text" owner="Browser">
<msg time="2024-11-18T15:47:47.825762" level="INFO">Text: 'Oops! O email informado é inválido'</msg>
<arg>${element}</arg>
<arg>equal</arg>
<arg>${target}</arg>
<tag>Assertion</tag>
<tag>Getter</tag>
<tag>PageContent</tag>
<doc>Returns text attribute of the element found by ``selector``.</doc>
<status status="PASS" start="2024-11-18T15:47:47.812741" elapsed="0.013021"/>
</kw>
<arg>${output_message}</arg>
<status status="PASS" start="2024-11-18T15:47:47.497602" elapsed="0.328160"/>
</kw>
<arg>email@domain$%.com</arg>
<arg>pwd123</arg>
<arg>Oops! O email informado é inválido</arg>
<status status="PASS" start="2024-11-18T15:47:47.421587" elapsed="0.404685"/>
</kw>
<kw name="Login with verify notice">
<kw name="Go to Login Page" owner="Login">
<kw name="Go To" owner="Browser">
<msg time="2024-11-18T15:47:47.861121" level="INFO">Successfully opened URL http://localhost:3000/login</msg>
<arg>${URL}/login</arg>
<tag>BrowserControl</tag>
<tag>Setter</tag>
<doc>Navigates to the given ``url``.</doc>
<status status="PASS" start="2024-11-18T15:47:47.826772" elapsed="0.034349"/>
</kw>
<status status="PASS" start="2024-11-18T15:47:47.826772" elapsed="0.034850"/>
</kw>
<kw name="Submit Login Form" owner="Login">
<kw name="Fill Text" owner="Browser">
<msg time="2024-11-18T15:47:47.861622" level="INFO">Fills the text 'email@ gmail.com' in the given field.</msg>
<arg>css=input[name=email]</arg>
<arg>${email}</arg>
<tag>PageContent</tag>
<tag>Setter</tag>
<doc>Clears and fills the given ``txt`` into the text field found by ``selector``.</doc>
<status status="PASS" start="2024-11-18T15:47:47.861622" elapsed="0.015355"/>
</kw>
<kw name="Fill Text" owner="Browser">
<msg time="2024-11-18T15:47:47.877477" level="INFO">Fills the text 'pwd123' in the given field.</msg>
<arg>css=input[name=password]</arg>
<arg>${password}</arg>
<tag>PageContent</tag>
<tag>Setter</tag>
<doc>Clears and fills the given ``txt`` into the text field found by ``selector``.</doc>
<status status="PASS" start="2024-11-18T15:47:47.877477" elapsed="0.008170"/>
</kw>
<kw name="Click" owner="Browser">
<msg time="2024-11-18T15:47:47.886159" level="INFO">Clicks the element 'css=button &gt;&gt; text=Entrar'.</msg>
<arg>css=button &gt;&gt; text=Entrar</arg>
<tag>PageContent</tag>
<tag>Setter</tag>
<doc>Simulates mouse click on the element found by ``selector``.</doc>
<status status="PASS" start="2024-11-18T15:47:47.885647" elapsed="0.020474"/>
</kw>
<arg>${email}</arg>
<arg>${password}</arg>
<status status="PASS" start="2024-11-18T15:47:47.861622" elapsed="0.044499"/>
</kw>
<kw name="Notice should be" owner="BoxNotice">
<kw name="Set Variable" owner="BuiltIn">
<msg time="2024-11-18T15:47:47.906622" level="INFO">${element} = css=form .notice</msg>
<var>${element}</var>
<arg>css=form .notice</arg>
<doc>Returns the given values which can then be assigned to a variables.</doc>
<status status="PASS" start="2024-11-18T15:47:47.906622" elapsed="0.000000"/>
</kw>
<kw name="Wait For Elements State" owner="Browser">
<msg time="2024-11-18T15:47:48.211999" level="INFO">Waited for Element with selector css=form .notice at state visible</msg>
<arg>${element}</arg>
<arg>visible</arg>
<arg>5</arg>
<tag>PageContent</tag>
<tag>Wait</tag>
<doc>Waits for the element found by ``selector`` to satisfy state option.</doc>
<status status="PASS" start="2024-11-18T15:47:47.906622" elapsed="0.305377"/>
</kw>
<kw name="Get Text" owner="Browser">
<msg time="2024-11-18T15:47:48.225558" level="INFO">Text: 'Oops! O email informado é inválido'</msg>
<arg>${element}</arg>
<arg>equal</arg>
<arg>${target}</arg>
<tag>Assertion</tag>
<tag>Getter</tag>
<tag>PageContent</tag>
<doc>Returns text attribute of the element found by ``selector``.</doc>
<status status="PASS" start="2024-11-18T15:47:48.211999" elapsed="0.014073"/>
</kw>
<arg>${output_message}</arg>
<status status="PASS" start="2024-11-18T15:47:47.906622" elapsed="0.319450"/>
</kw>
<arg>email@ gmail.com</arg>
<arg>pwd123</arg>
<arg>Oops! O email informado é inválido</arg>
<status status="PASS" start="2024-11-18T15:47:47.826272" elapsed="0.399800"/>
</kw>
<kw name="Login with verify notice">
<kw name="Go to Login Page" owner="Login">
<kw name="Go To" owner="Browser">
<msg time="2024-11-18T15:47:48.258658" level="INFO">Successfully opened URL http://localhost:3000/login</msg>
<arg>${URL}/login</arg>
<tag>BrowserControl</tag>
<tag>Setter</tag>
<doc>Navigates to the given ``url``.</doc>
<status status="PASS" start="2024-11-18T15:47:48.226572" elapsed="0.032086"/>
</kw>
<status status="PASS" start="2024-11-18T15:47:48.226572" elapsed="0.032086"/>
</kw>
<kw name="Submit Login Form" owner="Login">
<kw name="Fill Text" owner="Browser">
<msg time="2024-11-18T15:47:48.259658" level="INFO">Fills the text 'email@' in the given field.</msg>
<arg>css=input[name=email]</arg>
<arg>${email}</arg>
<tag>PageContent</tag>
<tag>Setter</tag>
<doc>Clears and fills the given ``txt`` into the text field found by ``selector``.</doc>
<status status="PASS" start="2024-11-18T15:47:48.259158" elapsed="0.013885"/>
</kw>
<kw name="Fill Text" owner="Browser">
<msg time="2024-11-18T15:47:48.273556" level="INFO">Fills the text 'pwd123' in the given field.</msg>
<arg>css=input[name=password]</arg>
<arg>${password}</arg>
<tag>PageContent</tag>
<tag>Setter</tag>
<doc>Clears and fills the given ``txt`` into the text field found by ``selector``.</doc>
<status status="PASS" start="2024-11-18T15:47:48.273043" elapsed="0.008998"/>
</kw>
<kw name="Click" owner="Browser">
<msg time="2024-11-18T15:47:48.283559" level="INFO">Clicks the element 'css=button &gt;&gt; text=Entrar'.</msg>
<arg>css=button &gt;&gt; text=Entrar</arg>
<tag>PageContent</tag>
<tag>Setter</tag>
<doc>Simulates mouse click on the element found by ``selector``.</doc>
<status status="PASS" start="2024-11-18T15:47:48.283044" elapsed="0.015213"/>
</kw>
<arg>${email}</arg>
<arg>${password}</arg>
<status status="PASS" start="2024-11-18T15:47:48.259158" elapsed="0.039099"/>
</kw>
<kw name="Notice should be" owner="BoxNotice">
<kw name="Set Variable" owner="BuiltIn">
<msg time="2024-11-18T15:47:48.298757" level="INFO">${element} = css=form .notice</msg>
<var>${element}</var>
<arg>css=form .notice</arg>
<doc>Returns the given values which can then be assigned to a variables.</doc>
<status status="PASS" start="2024-11-18T15:47:48.298757" elapsed="0.000000"/>
</kw>
<kw name="Wait For Elements State" owner="Browser">
<msg time="2024-11-18T15:47:48.614136" level="INFO">Waited for Element with selector css=form .notice at state visible</msg>
<arg>${element}</arg>
<arg>visible</arg>
<arg>5</arg>
<tag>PageContent</tag>
<tag>Wait</tag>
<doc>Waits for the element found by ``selector`` to satisfy state option.</doc>
<status status="PASS" start="2024-11-18T15:47:48.298757" elapsed="0.315379"/>
</kw>
<kw name="Get Text" owner="Browser">
<msg time="2024-11-18T15:47:48.627541" level="INFO">Text: 'Oops! O email informado é inválido'</msg>
<arg>${element}</arg>
<arg>equal</arg>
<arg>${target}</arg>
<tag>Assertion</tag>
<tag>Getter</tag>
<tag>PageContent</tag>
<doc>Returns text attribute of the element found by ``selector``.</doc>
<status status="PASS" start="2024-11-18T15:47:48.614136" elapsed="0.013405"/>
</kw>
<arg>${output_message}</arg>
<status status="PASS" start="2024-11-18T15:47:48.298257" elapsed="0.329783"/>
</kw>
<arg>email@</arg>
<arg>pwd123</arg>
<arg>Oops! O email informado é inválido</arg>
<status status="PASS" start="2024-11-18T15:47:48.226072" elapsed="0.401968"/>
</kw>
<kw name="Finish Session" owner="Base" type="TEARDOWN">
<kw name="Take Screenshot" owner="Browser">
<msg time="2024-11-18T15:47:48.680542" level="INFO" html="true">&lt;/td&gt;&lt;/tr&gt;&lt;tr&gt;&lt;td colspan="3"&gt;&lt;a href="browser/screenshot/robotframework-browser-screenshot-6.png" target="_blank"&gt;&lt;img src="browser/screenshot/robotframework-browser-screenshot-6.png" width="800px"/&gt;&lt;/a&gt;</msg>
<arg>fullPage=True</arg>
<tag>PageContent</tag>
<doc>Takes a screenshot of the current window or element and saves it to disk.</doc>
<status status="PASS" start="2024-11-18T15:47:48.628541" elapsed="0.052500"/>
</kw>
<status status="PASS" start="2024-11-18T15:47:48.628541" elapsed="0.052500"/>
</kw>
<status status="PASS" start="2024-11-18T15:47:42.790984" elapsed="5.890057"/>
</test>
<doc>SAC Login Test Scenarios</doc>
<status status="PASS" start="2024-11-18T15:47:33.440523" elapsed="15.283907"/>
</suite>
<suite id="s1-s2" name="Memberships" source="D:\CURSOS\QAx\projects\smartbit-robot\tests\memberships.robot">
<test id="s1-s2-t1" name="Should Be Able to Complete a New Subscription" line="10">
<kw name="Start Session" owner="Base" type="SETUP">
<kw name="New Browser" owner="Browser">
<msg time="2024-11-18T15:47:48.741468" level="INFO">Switching browser to browser=612df3eb-fefc-46f8-be6c-d663a767f01d</msg>
<msg time="2024-11-18T15:47:48.741968" level="INFO">Successfully changed active browser: browser=612df3eb-fefc-46f8-be6c-d663a767f01d</msg>
<msg time="2024-11-18T15:47:48.741968" level="INFO">Reusing existing browser with id: browser=612df3eb-fefc-46f8-be6c-d663a767f01d</msg>
<arg>browser=${BROWSER}</arg>
<arg>headless=${HEADLESS}</arg>
<tag>BrowserControl</tag>
<tag>Setter</tag>
<doc>Create a new playwright Browser with specified options.</doc>
<status status="PASS" start="2024-11-18T15:47:48.740968" elapsed="0.001000"/>
</kw>
<kw name="New Page" owner="Browser">
<msg time="2024-11-18T15:47:49.168100" level="INFO">Successfully initialized new page object and opened url: http://localhost:3000</msg>
<msg time="2024-11-18T15:47:49.168100" level="INFO">No context was open. New context was automatically opened when this page is created.</msg>
<arg>${URL}</arg>
<tag>BrowserControl</tag>
<tag>Setter</tag>
<doc>Open a new Page.</doc>
<status status="PASS" start="2024-11-18T15:47:48.742972" elapsed="0.425628"/>
</kw>
<status status="PASS" start="2024-11-18T15:47:48.740968" elapsed="0.427632"/>
</kw>
<kw name="Get JSON fixture" owner="Base">
<kw name="Load Json From File" owner="JSONLibrary">
<msg time="2024-11-18T15:47:49.169601" level="INFO">${data} = {'create': {'account': {'name': 'Ronnie Coleman', 'email': 'ronnie.coleman@bodybuilder.com', 'cpf': '10953144089'}, 'plan': 'Plano Black', 'credit_card': {'number': '4242424242424242', 'holder': 'Ronn...</msg>
<var>${data}</var>
<arg>${EXECDIR}/resources/fixtures/${file_name}.json</arg>
<arg>encoding=utf-8</arg>
<doc>Load JSON from file.</doc>
<status status="PASS" start="2024-11-18T15:47:49.169100" elapsed="0.000501"/>
</kw>
<return>
<value>${data}[${scenario}]</value>
<status status="PASS" start="2024-11-18T15:47:49.169601" elapsed="0.000000"/>
</return>
<msg time="2024-11-18T15:47:49.170100" level="INFO">${data} = {'account': {'name': 'Ronnie Coleman', 'email': 'ronnie.coleman@bodybuilder.com', 'cpf': '10953144089'}, 'plan': 'Plano Black', 'credit_card': {'number': '4242424242424242', 'holder': 'Ronnie Coleman'...</msg>
<var>${data}</var>
<arg>memberships</arg>
<arg>create</arg>
<status status="PASS" start="2024-11-18T15:47:49.169100" elapsed="0.001000"/>
</kw>
<kw name="Delete Account By Email" owner="Database">
<arg>${data}[account][email]</arg>
<status status="PASS" start="2024-11-18T15:47:49.170100" elapsed="0.215903"/>
</kw>
<kw name="Insert Account" owner="Database">
<arg>${data}[account]</arg>
<status status="PASS" start="2024-11-18T15:47:49.386003" elapsed="0.136790"/>
</kw>
<kw name="Go to Login Page" owner="Login">
<kw name="Go To" owner="Browser">
<msg time="2024-11-18T15:47:49.577350" level="INFO">Successfully opened URL http://localhost:3000/login</msg>
<arg>${URL}/login</arg>
<tag>BrowserControl</tag>
<tag>Setter</tag>
<doc>Navigates to the given ``url``.</doc>
<status status="PASS" start="2024-11-18T15:47:49.523294" elapsed="0.054056"/>
</kw>
<status status="PASS" start="2024-11-18T15:47:49.522793" elapsed="0.055059"/>
</kw>
<kw name="Submit Login Form" owner="Login">
<kw name="Fill Text" owner="Browser">
<msg time="2024-11-18T15:47:49.578851" level="INFO">Fills the text 'sac@smartbit.com' in the given field.</msg>
<arg>css=input[name=email]</arg>
<arg>${email}</arg>
<tag>PageContent</tag>
<tag>Setter</tag>
<doc>Clears and fills the given ``txt`` into the text field found by ``selector``.</doc>
<status status="PASS" start="2024-11-18T15:47:49.578352" elapsed="0.021362"/>
</kw>
<kw name="Fill Text" owner="Browser">
<msg time="2024-11-18T15:47:49.600214" level="INFO">Fills the text 'pwd123' in the given field.</msg>
<arg>css=input[name=password]</arg>
<arg>${password}</arg>
<tag>PageContent</tag>
<tag>Setter</tag>
<doc>Clears and fills the given ``txt`` into the text field found by ``selector``.</doc>
<status status="PASS" start="2024-11-18T15:47:49.599714" elapsed="0.010650"/>
</kw>
<kw name="Click" owner="Browser">
<msg time="2024-11-18T15:47:49.610865" level="INFO">Clicks the element 'css=button &gt;&gt; text=Entrar'.</msg>
<arg>css=button &gt;&gt; text=Entrar</arg>
<tag>PageContent</tag>
<tag>Setter</tag>
<doc>Simulates mouse click on the element found by ``selector``.</doc>
<status status="PASS" start="2024-11-18T15:47:49.610364" elapsed="0.019031"/>
</kw>
<arg>sac@smartbit.com</arg>
<arg>pwd123</arg>
<status status="PASS" start="2024-11-18T15:47:49.578352" elapsed="0.051043"/>
</kw>
<kw name="User is logged in" owner="Accounts">
<kw name="Set Variable" owner="BuiltIn">
<msg time="2024-11-18T15:47:49.630395" level="INFO">${element} = css=.logged-user</msg>
<var>${element}</var>
<arg>css=.logged-user</arg>
<doc>Returns the given values which can then be assigned to a variables.</doc>
<status status="PASS" start="2024-11-18T15:47:49.629894" elapsed="0.000501"/>
</kw>
<kw name="Wait For Elements State" owner="Browser">
<msg time="2024-11-18T15:47:50.961720" level="INFO">Waited for Element with selector css=.logged-user at state visible</msg>
<arg>${element}</arg>
<arg>visible</arg>
<arg>5</arg>
<tag>PageContent</tag>
<tag>Wait</tag>
<doc>Waits for the element found by ``selector`` to satisfy state option.</doc>
<status status="PASS" start="2024-11-18T15:47:49.630395" elapsed="1.331325"/>
</kw>
<kw name="Get Text" owner="Browser">
<msg time="2024-11-18T15:47:50.974750" level="INFO">Text: 'sac@smartbit.com'</msg>
<arg>${element}</arg>
<arg>equal</arg>
<arg>${email}</arg>
<tag>Assertion</tag>
<tag>Getter</tag>
<tag>PageContent</tag>
<doc>Returns text attribute of the element found by ``selector``.</doc>
<status status="PASS" start="2024-11-18T15:47:50.961720" elapsed="0.014033"/>
</kw>
<arg>sac@smartbit.com</arg>
<status status="PASS" start="2024-11-18T15:47:49.629894" elapsed="1.345859"/>
</kw>
<kw name="Go to memberships">
<kw name="Click" owner="Browser">
<msg time="2024-11-18T15:47:50.976261" level="INFO">Clicks the element 'css=a[href="/memberships"]'.</msg>
<arg>css=a[href="/memberships"]</arg>
<tag>PageContent</tag>
<tag>Setter</tag>
<doc>Simulates mouse click on the element found by ``selector``.</doc>
<status status="PASS" start="2024-11-18T15:47:50.976261" elapsed="0.025661"/>
</kw>
<kw name="Wait For Elements State" owner="Browser">
<msg time="2024-11-18T15:47:51.006494" level="INFO">Waited for Element with selector css=h1 &gt;&gt; text=Matrículas at state visible</msg>
<arg>css=h1 &gt;&gt; text=Matrículas</arg>
<arg>visible</arg>
<arg>5</arg>
<tag>PageContent</tag>
<tag>Wait</tag>
<doc>Waits for the element found by ``selector`` to satisfy state option.</doc>
<status status="PASS" start="2024-11-18T15:47:51.001922" elapsed="0.004572"/>
</kw>
<status status="PASS" start="2024-11-18T15:47:50.975753" elapsed="0.030741"/>
</kw>
<kw name="Go to memberships form">
<kw name="Click" owner="Browser">
<msg time="2024-11-18T15:47:51.007710" level="INFO">Clicks the element 'css=a[href="/memberships/new"]'.</msg>
<arg>css=a[href="/memberships/new"]</arg>
<tag>PageContent</tag>
<tag>Setter</tag>
<doc>Simulates mouse click on the element found by ``selector``.</doc>
<status status="PASS" start="2024-11-18T15:47:51.007208" elapsed="0.042724"/>
</kw>
<kw name="Wait For Elements State" owner="Browser">
<msg time="2024-11-18T15:47:51.053939" level="INFO">Waited for Element with selector css=h1 &gt;&gt; text=Nova Matrícula at state visible</msg>
<arg>css=h1 &gt;&gt; text=Nova Matrícula</arg>
<arg>visible</arg>
<arg>5</arg>
<tag>PageContent</tag>
<tag>Wait</tag>
<doc>Waits for the element found by ``selector`` to satisfy state option.</doc>
<status status="PASS" start="2024-11-18T15:47:51.050432" elapsed="0.003507"/>
</kw>
<status status="PASS" start="2024-11-18T15:47:51.007208" elapsed="0.047230"/>
</kw>
<kw name="Select account">
<kw name="Fill Text" owner="Browser">
<msg time="2024-11-18T15:47:51.054438" level="INFO">Fills the text 'Ronnie Coleman' in the given field.</msg>
<arg>css=input[aria-label=select_account]</arg>
<arg>${name}</arg>
<tag>PageContent</tag>
<tag>Setter</tag>
<doc>Clears and fills the given ``txt`` into the text field found by ``selector``.</doc>
<status status="PASS" start="2024-11-18T15:47:51.054438" elapsed="0.023852"/>
</kw>
<kw name="Click" owner="Browser">
<msg time="2024-11-18T15:47:51.079290" level="INFO">Clicks the element 'css=[data-testid="10953144089"]'.</msg>
<arg>css=[data-testid="${cpf}"]</arg>
<tag>PageContent</tag>
<tag>Setter</tag>
<doc>Simulates mouse click on the element found by ``selector``.</doc>
<status status="PASS" start="2024-11-18T15:47:51.078790" elapsed="0.056700"/>
</kw>
<arg>${data}[account][name]</arg>
<arg>${data}[account][cpf]</arg>
<status status="PASS" start="2024-11-18T15:47:51.054438" elapsed="0.081052"/>
</kw>
<kw name="Select plan">
<kw name="Fill Text" owner="Browser">
<msg time="2024-11-18T15:47:51.136503" level="INFO">Fills the text 'Plano Black' in the given field.</msg>
<arg>css=input[aria-label=select_plan]</arg>
<arg>${plan}</arg>
<tag>PageContent</tag>
<tag>Setter</tag>
<doc>Clears and fills the given ``txt`` into the text field found by ``selector``.</doc>
<status status="PASS" start="2024-11-18T15:47:51.136503" elapsed="0.011041"/>
</kw>
<kw name="Click" owner="Browser">
<msg time="2024-11-18T15:47:51.148545" level="INFO">Clicks the element 'css=div[class$=option] &gt;&gt; text=Plano Black'.</msg>
<arg>css=div[class$=option] &gt;&gt; text=${plan}</arg>
<tag>PageContent</tag>
<tag>Setter</tag>
<doc>Simulates mouse click on the element found by ``selector``.</doc>
<status status="PASS" start="2024-11-18T15:47:51.148044" elapsed="0.019025"/>
</kw>
<arg>${data}[plan]</arg>
<status status="PASS" start="2024-11-18T15:47:51.136003" elapsed="0.031066"/>
</kw>
<kw name="Fill payment card">
<kw name="Fill Text" owner="Browser">
<msg time="2024-11-18T15:47:51.168068" level="INFO">Fills the text '4242424242424242' in the given field.</msg>
<arg>css=input[name="card_number"]</arg>
<arg>${card}[number]</arg>
<tag>PageContent</tag>
<tag>Setter</tag>
<doc>Clears and fills the given ``txt`` into the text field found by ``selector``.</doc>
<status status="PASS" start="2024-11-18T15:47:51.167568" elapsed="0.010640"/>
</kw>
<kw name="Fill Text" owner="Browser">
<msg time="2024-11-18T15:47:51.178708" level="INFO">Fills the text 'Ronnie Coleman' in the given field.</msg>
<arg>css=input[name="card_holder"]</arg>
<arg>${card}[holder]</arg>
<tag>PageContent</tag>
<tag>Setter</tag>
<doc>Clears and fills the given ``txt`` into the text field found by ``selector``.</doc>
<status status="PASS" start="2024-11-18T15:47:51.178208" elapsed="0.009893"/>
</kw>
<kw name="Fill Text" owner="Browser">
<msg time="2024-11-18T15:47:51.188602" level="INFO">Fills the text '12' in the given field.</msg>
<arg>css=input[name="card_month"]</arg>
<arg>${card}[month]</arg>
<tag>PageContent</tag>
<tag>Setter</tag>
<doc>Clears and fills the given ``txt`` into the text field found by ``selector``.</doc>
<status status="PASS" start="2024-11-18T15:47:51.188602" elapsed="0.009320"/>
</kw>
<kw name="Fill Text" owner="Browser">
<msg time="2024-11-18T15:47:51.198422" level="INFO">Fills the text '2030' in the given field.</msg>
<arg>css=input[name="card_year"]</arg>
<arg>${card}[year]</arg>
<tag>PageContent</tag>
<tag>Setter</tag>
<doc>Clears and fills the given ``txt`` into the text field found by ``selector``.</doc>
<status status="PASS" start="2024-11-18T15:47:51.198422" elapsed="0.009407"/>
</kw>
<kw name="Fill Text" owner="Browser">
<msg time="2024-11-18T15:47:51.208829" level="INFO">Fills the text '123' in the given field.</msg>
<arg>css=input[name="card_cvv"]</arg>
<arg>${card}[cvv]</arg>
<tag>PageContent</tag>
<tag>Setter</tag>
<doc>Clears and fills the given ``txt`` into the text field found by ``selector``.</doc>
<status status="PASS" start="2024-11-18T15:47:51.208329" elapsed="0.007889"/>
</kw>
<arg>${data}[credit_card]</arg>
<status status="PASS" start="2024-11-18T15:47:51.167568" elapsed="0.048650"/>
</kw>
<kw name="Click" owner="Browser">
<msg time="2024-11-18T15:47:51.216718" level="INFO">Clicks the element 'css=button[type=submit] &gt;&gt; text=Cadastrar'.</msg>
<arg>css=button[type=submit] &gt;&gt; text=Cadastrar</arg>
<tag>PageContent</tag>
<tag>Setter</tag>
<doc>Simulates mouse click on the element found by ``selector``.</doc>
<status status="PASS" start="2024-11-18T15:47:51.216718" elapsed="0.022157"/>
</kw>
<kw name="Toast should be" owner="Toast">
<kw name="Set Variable" owner="BuiltIn">
<msg time="2024-11-18T15:47:51.239374" level="INFO">${selector} = .Toastify__toast-body</msg>
<var>${selector}</var>
<arg>.Toastify__toast-body</arg>
<doc>Returns the given values which can then be assigned to a variables.</doc>
<status status="PASS" start="2024-11-18T15:47:51.239374" elapsed="0.000000"/>
</kw>
<kw name="Wait For Elements State" owner="Browser">
<msg time="2024-11-18T15:47:51.441151" level="INFO">Waited for Element with selector css=.Toastify__toast-body at state visible</msg>
<arg>css=${selector}</arg>
<arg>visible</arg>
<arg>5</arg>
<tag>PageContent</tag>
<tag>Wait</tag>
<doc>Waits for the element found by ``selector`` to satisfy state option.</doc>
<status status="PASS" start="2024-11-18T15:47:51.239374" elapsed="0.202277"/>
</kw>
<kw name="Get Text" owner="Browser">
<msg time="2024-11-18T15:47:51.449095" level="INFO">Text: 'Matrícula cadastrada com sucesso.'</msg>
<arg>css=${selector}</arg>
<arg>equal</arg>
<arg>${expected_text}</arg>
<tag>Assertion</tag>
<tag>Getter</tag>
<tag>PageContent</tag>
<doc>Returns text attribute of the element found by ``selector``.</doc>
<status status="PASS" start="2024-11-18T15:47:51.441651" elapsed="0.007444"/>
</kw>
<kw name="Take Screenshot" owner="Browser">
<msg time="2024-11-18T15:47:52.261923" level="INFO" html="true">&lt;/td&gt;&lt;/tr&gt;&lt;tr&gt;&lt;td colspan="3"&gt;&lt;a href="browser/screenshot/robotframework-browser-screenshot-7.png" target="_blank"&gt;&lt;img src="browser/screenshot/robotframework-browser-screenshot-7.png" width="800px"/&gt;&lt;/a&gt;</msg>
<arg>selector=${selector}</arg>
<tag>PageContent</tag>
<doc>Takes a screenshot of the current window or element and saves it to disk.</doc>
[...]
<msg time="2024-11-18T15:48:08.390817" level="INFO">Fills the text 'felipe@gmail.com' in the given field.</msg>
<arg>id=email</arg>
<arg>${account}[email]</arg>
<tag>PageContent</tag>
<tag>Setter</tag>
<doc>Clears and fills the given ``txt`` into the text field found by ``selector``.</doc>
<status status="PASS" start="2024-11-18T15:48:08.390317" elapsed="0.008043"/>
</kw>
<kw name="Fill Text" owner="Browser">
<msg time="2024-11-18T15:48:08.398860" level="INFO">Fills the text '123/456/789-00' in the given field.</msg>
<arg>id=cpf</arg>
<arg>${account}[cpf]</arg>
<tag>PageContent</tag>
<tag>Setter</tag>
<doc>Clears and fills the given ``txt`` into the text field found by ``selector``.</doc>
<status status="PASS" start="2024-11-18T15:48:08.398360" elapsed="0.008522"/>
</kw>
<kw name="Click" owner="Browser">
<msg time="2024-11-18T15:48:08.407740" level="INFO">Clicks the element 'css=button &gt;&gt; text=Cadastrar'.</msg>
<arg>css=button &gt;&gt; text=Cadastrar</arg>
<tag>PageContent</tag>
<tag>Setter</tag>
<doc>Simulates mouse click on the element found by ``selector``.</doc>
<status status="PASS" start="2024-11-18T15:48:08.406882" elapsed="0.019186"/>
</kw>
<arg>${account}</arg>
<status status="PASS" start="2024-11-18T15:48:08.374777" elapsed="0.051291"/>
</kw>
<kw name="Notice should be" owner="BoxNotice">
<kw name="Set Variable" owner="BuiltIn">
<msg time="2024-11-18T15:48:08.426568" level="INFO">${element} = css=form .notice</msg>
<var>${element}</var>
<arg>css=form .notice</arg>
<doc>Returns the given values which can then be assigned to a variables.</doc>
<status status="PASS" start="2024-11-18T15:48:08.426568" elapsed="0.000000"/>
</kw>
<kw name="Wait For Elements State" owner="Browser">
<msg time="2024-11-18T15:48:08.738482" level="INFO">Waited for Element with selector css=form .notice at state visible</msg>
<arg>${element}</arg>
<arg>visible</arg>
<arg>5</arg>
<tag>PageContent</tag>
<tag>Wait</tag>
<doc>Waits for the element found by ``selector`` to satisfy state option.</doc>
<status status="PASS" start="2024-11-18T15:48:08.426568" elapsed="0.312415"/>
</kw>
<kw name="Get Text" owner="Browser">
<msg time="2024-11-18T15:48:08.745493" level="INFO">Text: 'Oops! O CPF informado é inválido'</msg>
<arg>${element}</arg>
<arg>equal</arg>
<arg>${target}</arg>
<tag>Assertion</tag>
<tag>Getter</tag>
<tag>PageContent</tag>
<doc>Returns text attribute of the element found by ``selector``.</doc>
<status status="PASS" start="2024-11-18T15:48:08.738983" elapsed="0.006510"/>
</kw>
<arg>Oops! O CPF informado é inválido</arg>
<status status="PASS" start="2024-11-18T15:48:08.426068" elapsed="0.319939"/>
</kw>
<var name="${cpf}">123/456/789-00</var>
<status status="PASS" start="2024-11-18T15:48:08.374277" elapsed="0.371730"/>
</iter>
<iter>
<kw name="Create Dictionary" owner="BuiltIn">
<msg time="2024-11-18T15:48:08.746007" level="INFO">${account} = {'name': 'Felipe Barra', 'email': 'felipe@gmail.com', 'cpf': '123-456-789-00'}</msg>
<var>${account}</var>
<arg>name=Felipe Barra</arg>
<arg>email=felipe@gmail.com</arg>
<arg>cpf=${cpf}</arg>
<doc>Creates and returns a dictionary based on the given ``items``.</doc>
<status status="PASS" start="2024-11-18T15:48:08.746007" elapsed="0.000500"/>
</kw>
<kw name="Submit signup form" owner="Landing">
<kw name="Get Text" owner="Browser">
<msg time="2024-11-18T15:48:08.753012" level="INFO">Text: 'Faça seu cadastro e venha para a Smartbit!'</msg>
<arg>css=#signup h2</arg>
<arg>equal</arg>
<arg>Faça seu cadastro e venha para a Smartbit!</arg>
<tag>Assertion</tag>
<tag>Getter</tag>
<tag>PageContent</tag>
<doc>Returns text attribute of the element found by ``selector``.</doc>
<status status="PASS" start="2024-11-18T15:48:08.746507" elapsed="0.006505"/>
</kw>
<kw name="Fill Text" owner="Browser">
<msg time="2024-11-18T15:48:08.753514" level="INFO">Fills the text 'Felipe Barra' in the given field.</msg>
<arg>id=name</arg>
<arg>${account}[name]</arg>
<tag>PageContent</tag>
<tag>Setter</tag>
<doc>Clears and fills the given ``txt`` into the text field found by ``selector``.</doc>
<status status="PASS" start="2024-11-18T15:48:08.753012" elapsed="0.007023"/>
</kw>
<kw name="Fill Text" owner="Browser">
<msg time="2024-11-18T15:48:08.761035" level="INFO">Fills the text 'felipe@gmail.com' in the given field.</msg>
<arg>id=email</arg>
<arg>${account}[email]</arg>
<tag>PageContent</tag>
<tag>Setter</tag>
<doc>Clears and fills the given ``txt`` into the text field found by ``selector``.</doc>
<status status="PASS" start="2024-11-18T15:48:08.760535" elapsed="0.009031"/>
</kw>
<kw name="Fill Text" owner="Browser">
<msg time="2024-11-18T15:48:08.770066" level="INFO">Fills the text '123-456-789-00' in the given field.</msg>
<arg>id=cpf</arg>
<arg>${account}[cpf]</arg>
<tag>PageContent</tag>
<tag>Setter</tag>
<doc>Clears and fills the given ``txt`` into the text field found by ``selector``.</doc>
<status status="PASS" start="2024-11-18T15:48:08.769566" elapsed="0.009001"/>
</kw>
<kw name="Click" owner="Browser">
<msg time="2024-11-18T15:48:08.779066" level="INFO">Clicks the element 'css=button &gt;&gt; text=Cadastrar'.</msg>
<arg>css=button &gt;&gt; text=Cadastrar</arg>
<tag>PageContent</tag>
<tag>Setter</tag>
<doc>Simulates mouse click on the element found by ``selector``.</doc>
<status status="PASS" start="2024-11-18T15:48:08.778567" elapsed="0.018999"/>
</kw>
<arg>${account}</arg>
<status status="PASS" start="2024-11-18T15:48:08.746507" elapsed="0.051059"/>
</kw>
<kw name="Notice should be" owner="BoxNotice">
<kw name="Set Variable" owner="BuiltIn">
<msg time="2024-11-18T15:48:08.798065" level="INFO">${element} = css=form .notice</msg>
<var>${element}</var>
<arg>css=form .notice</arg>
<doc>Returns the given values which can then be assigned to a variables.</doc>
<status status="PASS" start="2024-11-18T15:48:08.798065" elapsed="0.000000"/>
</kw>
<kw name="Wait For Elements State" owner="Browser">
<msg time="2024-11-18T15:48:09.111561" level="INFO">Waited for Element with selector css=form .notice at state visible</msg>
<arg>${element}</arg>
<arg>visible</arg>
<arg>5</arg>
<tag>PageContent</tag>
<tag>Wait</tag>
<doc>Waits for the element found by ``selector`` to satisfy state option.</doc>
<status status="PASS" start="2024-11-18T15:48:08.798065" elapsed="0.313496"/>
</kw>
<kw name="Get Text" owner="Browser">
<msg time="2024-11-18T15:48:09.119086" level="INFO">Text: 'Oops! O CPF informado é inválido'</msg>
<arg>${element}</arg>
<arg>equal</arg>
<arg>${target}</arg>
<tag>Assertion</tag>
<tag>Getter</tag>
<tag>PageContent</tag>
<doc>Returns text attribute of the element found by ``selector``.</doc>
<status status="PASS" start="2024-11-18T15:48:09.111561" elapsed="0.008025"/>
</kw>
<arg>Oops! O CPF informado é inválido</arg>
<status status="PASS" start="2024-11-18T15:48:08.797566" elapsed="0.322020"/>
</kw>
<var name="${cpf}">123-456-789-00</var>
<status status="PASS" start="2024-11-18T15:48:08.746007" elapsed="0.373579"/>
</iter>
<iter>
<kw name="Create Dictionary" owner="BuiltIn">
<msg time="2024-11-18T15:48:09.120086" level="INFO">${account} = {'name': 'Felipe Barra', 'email': 'felipe@gmail.com', 'cpf': '123.456.789.00'}</msg>
<var>${account}</var>
<arg>name=Felipe Barra</arg>
<arg>email=felipe@gmail.com</arg>
<arg>cpf=${cpf}</arg>
<doc>Creates and returns a dictionary based on the given ``items``.</doc>
<status status="PASS" start="2024-11-18T15:48:09.119586" elapsed="0.000500"/>
</kw>
<kw name="Submit signup form" owner="Landing">
<kw name="Get Text" owner="Browser">
<msg time="2024-11-18T15:48:09.126607" level="INFO">Text: 'Faça seu cadastro e venha para a Smartbit!'</msg>
<arg>css=#signup h2</arg>
<arg>equal</arg>
<arg>Faça seu cadastro e venha para a Smartbit!</arg>
<tag>Assertion</tag>
<tag>Getter</tag>
<tag>PageContent</tag>
<doc>Returns text attribute of the element found by ``selector``.</doc>
<status status="PASS" start="2024-11-18T15:48:09.120086" elapsed="0.006521"/>
</kw>
<kw name="Fill Text" owner="Browser">
<msg time="2024-11-18T15:48:09.127108" level="INFO">Fills the text 'Felipe Barra' in the given field.</msg>
<arg>id=name</arg>
<arg>${account}[name]</arg>
<tag>PageContent</tag>
<tag>Setter</tag>
<doc>Clears and fills the given ``txt`` into the text field found by ``selector``.</doc>
<status status="PASS" start="2024-11-18T15:48:09.127108" elapsed="0.007011"/>
</kw>
<kw name="Fill Text" owner="Browser">
<msg time="2024-11-18T15:48:09.134620" level="INFO">Fills the text 'felipe@gmail.com' in the given field.</msg>
<arg>id=email</arg>
<arg>${account}[email]</arg>
<tag>PageContent</tag>
<tag>Setter</tag>
<doc>Clears and fills the given ``txt`` into the text field found by ``selector``.</doc>
<status status="PASS" start="2024-11-18T15:48:09.134620" elapsed="0.008021"/>
</kw>
<kw name="Fill Text" owner="Browser">
<msg time="2024-11-18T15:48:09.143743" level="INFO">Fills the text '123.456.789.00' in the given field.</msg>
<arg>id=cpf</arg>
<arg>${account}[cpf]</arg>
<tag>PageContent</tag>
<tag>Setter</tag>
<doc>Clears and fills the given ``txt`` into the text field found by ``selector``.</doc>
<status status="PASS" start="2024-11-18T15:48:09.143143" elapsed="0.007120"/>
</kw>
<kw name="Click" owner="Browser">
<msg time="2024-11-18T15:48:09.150764" level="INFO">Clicks the element 'css=button &gt;&gt; text=Cadastrar'.</msg>
<arg>css=button &gt;&gt; text=Cadastrar</arg>
<tag>PageContent</tag>
<tag>Setter</tag>
<doc>Simulates mouse click on the element found by ``selector``.</doc>
<status status="PASS" start="2024-11-18T15:48:09.150764" elapsed="0.013119"/>
</kw>
<arg>${account}</arg>
<status status="PASS" start="2024-11-18T15:48:09.120086" elapsed="0.044297"/>
</kw>
<kw name="Notice should be" owner="BoxNotice">
<kw name="Set Variable" owner="BuiltIn">
<msg time="2024-11-18T15:48:09.164883" level="INFO">${element} = css=form .notice</msg>
<var>${element}</var>
<arg>css=form .notice</arg>
<doc>Returns the given values which can then be assigned to a variables.</doc>
<status status="PASS" start="2024-11-18T15:48:09.164883" elapsed="0.000000"/>
</kw>
<kw name="Wait For Elements State" owner="Browser">
<msg time="2024-11-18T15:48:09.479367" level="INFO">Waited for Element with selector css=form .notice at state visible</msg>
<arg>${element}</arg>
<arg>visible</arg>
<arg>5</arg>
<tag>PageContent</tag>
<tag>Wait</tag>
<doc>Waits for the element found by ``selector`` to satisfy state option.</doc>
<status status="PASS" start="2024-11-18T15:48:09.164883" elapsed="0.314984"/>
</kw>
<kw name="Get Text" owner="Browser">
<msg time="2024-11-18T15:48:09.486885" level="INFO">Text: 'Oops! O CPF informado é inválido'</msg>
<arg>${element}</arg>
<arg>equal</arg>
<arg>${target}</arg>
<tag>Assertion</tag>
<tag>Getter</tag>
<tag>PageContent</tag>
<doc>Returns text attribute of the element found by ``selector``.</doc>
<status status="PASS" start="2024-11-18T15:48:09.479867" elapsed="0.007518"/>
</kw>
<arg>Oops! O CPF informado é inválido</arg>
<status status="PASS" start="2024-11-18T15:48:09.164383" elapsed="0.323002"/>
</kw>
<var name="${cpf}">123.456.789.00</var>
<status status="PASS" start="2024-11-18T15:48:09.119586" elapsed="0.367799"/>
</iter>
<iter>
<kw name="Create Dictionary" owner="BuiltIn">
<msg time="2024-11-18T15:48:09.487885" level="INFO">${account} = {'name': 'Felipe Barra', 'email': 'felipe@gmail.com', 'cpf': 'CPF-123-456-789'}</msg>
<var>${account}</var>
<arg>name=Felipe Barra</arg>
<arg>email=felipe@gmail.com</arg>
<arg>cpf=${cpf}</arg>
<doc>Creates and returns a dictionary based on the given ``items``.</doc>
<status status="PASS" start="2024-11-18T15:48:09.487385" elapsed="0.000500"/>
</kw>
<kw name="Submit signup form" owner="Landing">
<kw name="Get Text" owner="Browser">
<msg time="2024-11-18T15:48:09.493890" level="INFO">Text: 'Faça seu cadastro e venha para a Smartbit!'</msg>
<arg>css=#signup h2</arg>
<arg>equal</arg>
<arg>Faça seu cadastro e venha para a Smartbit!</arg>
<tag>Assertion</tag>
<tag>Getter</tag>
<tag>PageContent</tag>
<doc>Returns text attribute of the element found by ``selector``.</doc>
<status status="PASS" start="2024-11-18T15:48:09.487885" elapsed="0.006505"/>
</kw>
<kw name="Fill Text" owner="Browser">
<msg time="2024-11-18T15:48:09.494390" level="INFO">Fills the text 'Felipe Barra' in the given field.</msg>
<arg>id=name</arg>
<arg>${account}[name]</arg>
<tag>PageContent</tag>
<tag>Setter</tag>
<doc>Clears and fills the given ``txt`` into the text field found by ``selector``.</doc>
<status status="PASS" start="2024-11-18T15:48:09.494390" elapsed="0.007013"/>
</kw>
<kw name="Fill Text" owner="Browser">
<msg time="2024-11-18T15:48:09.501902" level="INFO">Fills the text 'felipe@gmail.com' in the given field.</msg>
<arg>id=email</arg>
<arg>${account}[email]</arg>
<tag>PageContent</tag>
<tag>Setter</tag>
<doc>Clears and fills the given ``txt`` into the text field found by ``selector``.</doc>
<status status="PASS" start="2024-11-18T15:48:09.501403" elapsed="0.008913"/>
</kw>
<kw name="Fill Text" owner="Browser">
<msg time="2024-11-18T15:48:09.510815" level="INFO">Fills the text 'CPF-123-456-789' in the given field.</msg>
<arg>id=cpf</arg>
<arg>${account}[cpf]</arg>
<tag>PageContent</tag>
<tag>Setter</tag>
<doc>Clears and fills the given ``txt`` into the text field found by ``selector``.</doc>
<status status="PASS" start="2024-11-18T15:48:09.510815" elapsed="0.008906"/>
</kw>
<kw name="Click" owner="Browser">
<msg time="2024-11-18T15:48:09.520221" level="INFO">Clicks the element 'css=button &gt;&gt; text=Cadastrar'.</msg>
<arg>css=button &gt;&gt; text=Cadastrar</arg>
<tag>PageContent</tag>
<tag>Setter</tag>
<doc>Simulates mouse click on the element found by ``selector``.</doc>
<status status="PASS" start="2024-11-18T15:48:09.520221" elapsed="0.010520"/>
</kw>
<arg>${account}</arg>
<status status="PASS" start="2024-11-18T15:48:09.487885" elapsed="0.043356"/>
</kw>
<kw name="Notice should be" owner="BoxNotice">
<kw name="Set Variable" owner="BuiltIn">
<msg time="2024-11-18T15:48:09.531741" level="INFO">${element} = css=form .notice</msg>
<var>${element}</var>
<arg>css=form .notice</arg>
<doc>Returns the given values which can then be assigned to a variables.</doc>
<status status="PASS" start="2024-11-18T15:48:09.531241" elapsed="0.000500"/>
</kw>
<kw name="Wait For Elements State" owner="Browser">
<msg time="2024-11-18T15:48:09.849695" level="INFO">Waited for Element with selector css=form .notice at state visible</msg>
<arg>${element}</arg>
<arg>visible</arg>
<arg>5</arg>
<tag>PageContent</tag>
<tag>Wait</tag>
<doc>Waits for the element found by ``selector`` to satisfy state option.</doc>
<status status="PASS" start="2024-11-18T15:48:09.531741" elapsed="0.318454"/>
</kw>
<kw name="Get Text" owner="Browser">
<msg time="2024-11-18T15:48:09.856712" level="INFO">Text: 'Oops! O CPF informado é inválido'</msg>
<arg>${element}</arg>
<arg>equal</arg>
<arg>${target}</arg>
<tag>Assertion</tag>
<tag>Getter</tag>
<tag>PageContent</tag>
<doc>Returns text attribute of the element found by ``selector``.</doc>
<status status="PASS" start="2024-11-18T15:48:09.850195" elapsed="0.006517"/>
</kw>
<arg>Oops! O CPF informado é inválido</arg>
<status status="PASS" start="2024-11-18T15:48:09.531241" elapsed="0.325471"/>
</kw>
<var name="${cpf}">CPF-123-456-789</var>
<status status="PASS" start="2024-11-18T15:48:09.487385" elapsed="0.369327"/>
</iter>
<var>${cpf}</var>
<value>@{invalid_cpfs}</value>
<status status="PASS" start="2024-11-18T15:48:02.814777" elapsed="7.042902"/>
</for>
<kw name="Finish Session" owner="Base" type="TEARDOWN">
<kw name="Take Screenshot" owner="Browser">
<msg time="2024-11-18T15:48:10.101695" level="INFO" html="true">&lt;/td&gt;&lt;/tr&gt;&lt;tr&gt;&lt;td colspan="3"&gt;&lt;a href="browser/screenshot/robotframework-browser-screenshot-12.png" target="_blank"&gt;&lt;img src="browser/screenshot/robotframework-browser-screenshot-12.png" width="800px"/&gt;&lt;/a&gt;</msg>
<arg>fullPage=True</arg>
<tag>PageContent</tag>
<doc>Takes a screenshot of the current window or element and saves it to disk.</doc>
<status status="PASS" start="2024-11-18T15:48:09.858178" elapsed="0.243517"/>
</kw>
<status status="PASS" start="2024-11-18T15:48:09.857679" elapsed="0.245021"/>
</kw>
<tag>inv_cpf</tag>
<status status="PASS" start="2024-11-18T15:48:02.321319" elapsed="7.781381"/>
</test>
<doc>Customer pre-registration test scenarios</doc>
<status status="PASS" start="2024-11-18T15:47:52.362651" elapsed="17.778258"/>
</suite>
<suite id="s1-s4" name="Slogan" source="D:\CURSOS\QAx\projects\smartbit-robot\tests\slogan.robot">
<test id="s1-s4-t1" name="Should display the Slogan on the Landing Page" line="7">
<kw name="Start Session" owner="Base">
<kw name="New Browser" owner="Browser">
<msg time="2024-11-18T15:48:10.159860" level="INFO">Switching browser to browser=612df3eb-fefc-46f8-be6c-d663a767f01d</msg>
<msg time="2024-11-18T15:48:10.160860" level="INFO">Successfully changed active browser: browser=612df3eb-fefc-46f8-be6c-d663a767f01d</msg>
<msg time="2024-11-18T15:48:10.160860" level="INFO">Reusing existing browser with id: browser=612df3eb-fefc-46f8-be6c-d663a767f01d</msg>
<arg>browser=${BROWSER}</arg>
<arg>headless=${HEADLESS}</arg>
<tag>BrowserControl</tag>
<tag>Setter</tag>
<doc>Create a new playwright Browser with specified options.</doc>
<status status="PASS" start="2024-11-18T15:48:10.159360" elapsed="0.001500"/>
</kw>
<kw name="New Page" owner="Browser">
<msg time="2024-11-18T15:48:10.814548" level="INFO">Successfully initialized new page object and opened url: http://localhost:3000</msg>
<msg time="2024-11-18T15:48:10.814548" level="INFO">No context was open. New context was automatically opened when this page is created.</msg>
<arg>${URL}</arg>
<tag>BrowserControl</tag>
<tag>Setter</tag>
<doc>Open a new Page.</doc>
<status status="PASS" start="2024-11-18T15:48:10.160860" elapsed="0.653688"/>
</kw>
<status status="PASS" start="2024-11-18T15:48:10.159360" elapsed="0.655188"/>
</kw>
<kw name="Finish Session" owner="Base">
<kw name="Take Screenshot" owner="Browser">
<msg time="2024-11-18T15:48:11.081593" level="INFO" html="true">&lt;/td&gt;&lt;/tr&gt;&lt;tr&gt;&lt;td colspan="3"&gt;&lt;a href="browser/screenshot/robotframework-browser-screenshot-13.png" target="_blank"&gt;&lt;img src="browser/screenshot/robotframework-browser-screenshot-13.png" width="800px"/&gt;&lt;/a&gt;</msg>
<arg>fullPage=True</arg>
<tag>PageContent</tag>
<doc>Takes a screenshot of the current window or element and saves it to disk.</doc>
<status status="PASS" start="2024-11-18T15:48:10.814548" elapsed="0.267045"/>
</kw>
<status status="PASS" start="2024-11-18T15:48:10.814548" elapsed="0.267045"/>
</kw>
<status status="PASS" start="2024-11-18T15:48:10.157360" elapsed="0.924233"/>
</test>
<doc>Test to verify Smart Bit's slogan on the WebApp</doc>
<status status="PASS" start="2024-11-18T15:48:10.144937" elapsed="0.978243"/>
</suite>
<status status="PASS" start="2024-11-18T15:47:33.426337" elapsed="37.701562"/>
</suite>
<statistics>
<total>
<stat pass="10" fail="0" skip="0">All Tests</stat>
</total>
<tag>
<stat pass="1" fail="0" skip="0">inv_cpf</stat>
<stat pass="1" fail="0" skip="0">inv_email</stat>
<stat pass="1" fail="0" skip="0">inv_pass</stat>
<stat pass="1" fail="0" skip="0">smoke</stat>
<stat pass="1" fail="0" skip="0">unreg_user</stat>
</tag>
<suite>
<stat pass="10" fail="0" skip="0" id="s1" name="Tests">Tests</stat>
<stat pass="4" fail="0" skip="0" id="s1-s1" name="Login">Tests.Login</stat>
<stat pass="1" fail="0" skip="0" id="s1-s2" name="Memberships">Tests.Memberships</stat>
<stat pass="4" fail="0" skip="0" id="s1-s3" name="Signup">Tests.Signup</stat>
<stat pass="1" fail="0" skip="0" id="s1-s4" name="Slogan">Tests.Slogan</stat>
</suite>
</statistics>
<errors>
<msg time="2024-11-18T15:47:33.447102" level="WARN">Error in file 'D:\CURSOS\QAx\projects\smartbit-robot\resources\Base.resource' on line 36: The '[Return]' setting is deprecated. Use the 'RETURN' statement instead.</msg>
</errors>
</robot>
